
*** Running vivado
    with args -log DMA_LED_zynq_ultra_ps_e_0_0.vds -m64 -product Vivado -mode batch -messageDb vivado.pb -notrace -source DMA_LED_zynq_ultra_ps_e_0_0.tcl


****** Vivado v2024.1 (64-bit)
  **** SW Build 5076996 on Wed May 22 18:36:09 MDT 2024
  **** IP Build 5075265 on Wed May 22 21:45:21 MDT 2024
  **** SharedData Build 5076995 on Wed May 22 18:29:18 MDT 2024
  **** Start of session at: Sat Aug 16 20:19:04 2025
    ** Copyright 1986-2022 Xilinx, Inc. All Rights Reserved.
    ** Copyright 2022-2024 Advanced Micro Devices, Inc. All Rights Reserved.

source DMA_LED_zynq_ultra_ps_e_0_0.tcl -notrace
create_project: Time (s): cpu = 00:00:07 ; elapsed = 00:00:08 . Memory (MB): peak = 1456.227 ; gain = 47.805 ; free physical = 12638 ; free virtual = 230857
INFO: [IP_Flow 19-234] Refreshing IP repositories
INFO: [IP_Flow 19-1700] Loaded user IP repository '/nas/ei/home/ge43set/ip_repo/LEDAdderIP_1_0'.
INFO: [IP_Flow 19-1700] Loaded user IP repository '/nas/ei/home/ge43set/ip_repo/LEDAdderDMA_1_0'.
INFO: [IP_Flow 19-1700] Loaded user IP repository '/nas/ei/home/ge43set/ip_repo/LEDAccumulator_1_0'.
INFO: [IP_Flow 19-2313] Loaded Vivado IP repository '/nfs/tools/xilinx/Vivado/2024.1/data/ip'.
INFO: [IP_Flow 19-6924] IPCACHE: Running cache check for IP inst: DMA_LED_zynq_ultra_ps_e_0_0
Command: synth_design -top DMA_LED_zynq_ultra_ps_e_0_0 -part xck26-sfvc784-2LV-c -incremental_mode off -mode out_of_context
Starting synth_design
Attempting to get a license for feature 'Synthesis' and/or device 'xck26'
INFO: [Common 17-349] Got license for feature 'Synthesis' and/or device 'xck26'
INFO: [Device 21-403] Loading part xck26-sfvc784-2LV-c
INFO: [Synth 8-7079] Multithreading enabled for synth_design using a maximum of 4 processes.
INFO: [Synth 8-7078] Launching helper process for spawning children vivado processes
WARNING: [Common 17-1361] You have specified a new message control rule that is equivalent to an existing rule with attributes ' -id {17-179}  -suppress '. The existing rule will be replaced.
INFO: [Synth 8-7075] Helper process launched with PID 2986250
---------------------------------------------------------------------------------
Starting RTL Elaboration : Time (s): cpu = 00:00:04 ; elapsed = 00:00:05 . Memory (MB): peak = 2743.957 ; gain = 298.602 ; free physical = 9388 ; free virtual = 227671
---------------------------------------------------------------------------------
INFO: [Synth 8-11241] undeclared symbol 'dp_audi_ref_clk', assumed default net type 'wire' [/nas/ei/home/ge43set/PS-PL-DMA-LED-URAM/PS-PL-DMA-LED-URAM.gen/sources_1/bd/DMA_LED/ip/DMA_LED_zynq_ultra_ps_e_0_0/hdl/zynq_ultra_ps_e_v3_5_3.v:2513]
INFO: [Synth 8-6157] synthesizing module 'DMA_LED_zynq_ultra_ps_e_0_0' [/nas/ei/home/ge43set/PS-PL-DMA-LED-URAM/PS-PL-DMA-LED-URAM.gen/sources_1/bd/DMA_LED/ip/DMA_LED_zynq_ultra_ps_e_0_0/synth/DMA_LED_zynq_ultra_ps_e_0_0.v:53]
INFO: [Synth 8-6157] synthesizing module 'zynq_ultra_ps_e_v3_5_3_zynq_ultra_ps_e' [/nas/ei/home/ge43set/PS-PL-DMA-LED-URAM/PS-PL-DMA-LED-URAM.gen/sources_1/bd/DMA_LED/ip/DMA_LED_zynq_ultra_ps_e_0_0/hdl/zynq_ultra_ps_e_v3_5_3.v:68]
INFO: [Synth 8-6157] synthesizing module 'BUFG_PS' [/nfs/tools/xilinx/Vivado/2024.1/scripts/rt/data/unisim_comp.v:2187]
INFO: [Synth 8-6155] done synthesizing module 'BUFG_PS' (0#1) [/nfs/tools/xilinx/Vivado/2024.1/scripts/rt/data/unisim_comp.v:2187]
INFO: [Synth 8-6157] synthesizing module 'PS8' [/nfs/tools/xilinx/Vivado/2024.1/scripts/rt/data/unisim_comp.v:116504]
INFO: [Synth 8-6155] done synthesizing module 'PS8' (0#1) [/nfs/tools/xilinx/Vivado/2024.1/scripts/rt/data/unisim_comp.v:116504]
WARNING: [Synth 8-689] width (5) of port connection 'EMIOSDIO1DATAIN' does not match port width (8) of module 'PS8' [/nas/ei/home/ge43set/PS-PL-DMA-LED-URAM/PS-PL-DMA-LED-URAM.gen/sources_1/bd/DMA_LED/ip/DMA_LED_zynq_ultra_ps_e_0_0/hdl/zynq_ultra_ps_e_v3_5_3.v:4710]
WARNING: [Synth 8-689] width (5) of port connection 'EMIOSDIO1DATAOUT' does not match port width (8) of module 'PS8' [/nas/ei/home/ge43set/PS-PL-DMA-LED-URAM/PS-PL-DMA-LED-URAM.gen/sources_1/bd/DMA_LED/ip/DMA_LED_zynq_ultra_ps_e_0_0/hdl/zynq_ultra_ps_e_v3_5_3.v:4711]
WARNING: [Synth 8-689] width (5) of port connection 'EMIOSDIO1DATAENA' does not match port width (8) of module 'PS8' [/nas/ei/home/ge43set/PS-PL-DMA-LED-URAM/PS-PL-DMA-LED-URAM.gen/sources_1/bd/DMA_LED/ip/DMA_LED_zynq_ultra_ps_e_0_0/hdl/zynq_ultra_ps_e_v3_5_3.v:4712]
WARNING: [Synth 8-7071] port 'PSS_ALTO_CORE_PAD_MGTTXN0OUT' of module 'PS8' is unconnected for instance 'PS8_i' [/nas/ei/home/ge43set/PS-PL-DMA-LED-URAM/PS-PL-DMA-LED-URAM.gen/sources_1/bd/DMA_LED/ip/DMA_LED_zynq_ultra_ps_e_0_0/hdl/zynq_ultra_ps_e_v3_5_3.v:3888]
WARNING: [Synth 8-7071] port 'PSS_ALTO_CORE_PAD_MGTTXN1OUT' of module 'PS8' is unconnected for instance 'PS8_i' [/nas/ei/home/ge43set/PS-PL-DMA-LED-URAM/PS-PL-DMA-LED-URAM.gen/sources_1/bd/DMA_LED/ip/DMA_LED_zynq_ultra_ps_e_0_0/hdl/zynq_ultra_ps_e_v3_5_3.v:3888]
WARNING: [Synth 8-7071] port 'PSS_ALTO_CORE_PAD_MGTTXN2OUT' of module 'PS8' is unconnected for instance 'PS8_i' [/nas/ei/home/ge43set/PS-PL-DMA-LED-URAM/PS-PL-DMA-LED-URAM.gen/sources_1/bd/DMA_LED/ip/DMA_LED_zynq_ultra_ps_e_0_0/hdl/zynq_ultra_ps_e_v3_5_3.v:3888]
WARNING: [Synth 8-7071] port 'PSS_ALTO_CORE_PAD_MGTTXN3OUT' of module 'PS8' is unconnected for instance 'PS8_i' [/nas/ei/home/ge43set/PS-PL-DMA-LED-URAM/PS-PL-DMA-LED-URAM.gen/sources_1/bd/DMA_LED/ip/DMA_LED_zynq_ultra_ps_e_0_0/hdl/zynq_ultra_ps_e_v3_5_3.v:3888]
WARNING: [Synth 8-7071] port 'PSS_ALTO_CORE_PAD_MGTTXP0OUT' of module 'PS8' is unconnected for instance 'PS8_i' [/nas/ei/home/ge43set/PS-PL-DMA-LED-URAM/PS-PL-DMA-LED-URAM.gen/sources_1/bd/DMA_LED/ip/DMA_LED_zynq_ultra_ps_e_0_0/hdl/zynq_ultra_ps_e_v3_5_3.v:3888]
WARNING: [Synth 8-7071] port 'PSS_ALTO_CORE_PAD_MGTTXP1OUT' of module 'PS8' is unconnected for instance 'PS8_i' [/nas/ei/home/ge43set/PS-PL-DMA-LED-URAM/PS-PL-DMA-LED-URAM.gen/sources_1/bd/DMA_LED/ip/DMA_LED_zynq_ultra_ps_e_0_0/hdl/zynq_ultra_ps_e_v3_5_3.v:3888]
WARNING: [Synth 8-7071] port 'PSS_ALTO_CORE_PAD_MGTTXP2OUT' of module 'PS8' is unconnected for instance 'PS8_i' [/nas/ei/home/ge43set/PS-PL-DMA-LED-URAM/PS-PL-DMA-LED-URAM.gen/sources_1/bd/DMA_LED/ip/DMA_LED_zynq_ultra_ps_e_0_0/hdl/zynq_ultra_ps_e_v3_5_3.v:3888]
WARNING: [Synth 8-7071] port 'PSS_ALTO_CORE_PAD_MGTTXP3OUT' of module 'PS8' is unconnected for instance 'PS8_i' [/nas/ei/home/ge43set/PS-PL-DMA-LED-URAM/PS-PL-DMA-LED-URAM.gen/sources_1/bd/DMA_LED/ip/DMA_LED_zynq_ultra_ps_e_0_0/hdl/zynq_ultra_ps_e_v3_5_3.v:3888]
WARNING: [Synth 8-7071] port 'PSS_ALTO_CORE_PAD_PADO' of module 'PS8' is unconnected for instance 'PS8_i' [/nas/ei/home/ge43set/PS-PL-DMA-LED-URAM/PS-PL-DMA-LED-URAM.gen/sources_1/bd/DMA_LED/ip/DMA_LED_zynq_ultra_ps_e_0_0/hdl/zynq_ultra_ps_e_v3_5_3.v:3888]
WARNING: [Synth 8-7071] port 'PSS_ALTO_CORE_PAD_BOOTMODE' of module 'PS8' is unconnected for instance 'PS8_i' [/nas/ei/home/ge43set/PS-PL-DMA-LED-URAM/PS-PL-DMA-LED-URAM.gen/sources_1/bd/DMA_LED/ip/DMA_LED_zynq_ultra_ps_e_0_0/hdl/zynq_ultra_ps_e_v3_5_3.v:3888]
WARNING: [Synth 8-7071] port 'PSS_ALTO_CORE_PAD_CLK' of module 'PS8' is unconnected for instance 'PS8_i' [/nas/ei/home/ge43set/PS-PL-DMA-LED-URAM/PS-PL-DMA-LED-URAM.gen/sources_1/bd/DMA_LED/ip/DMA_LED_zynq_ultra_ps_e_0_0/hdl/zynq_ultra_ps_e_v3_5_3.v:3888]
WARNING: [Synth 8-7071] port 'PSS_ALTO_CORE_PAD_DONEB' of module 'PS8' is unconnected for instance 'PS8_i' [/nas/ei/home/ge43set/PS-PL-DMA-LED-URAM/PS-PL-DMA-LED-URAM.gen/sources_1/bd/DMA_LED/ip/DMA_LED_zynq_ultra_ps_e_0_0/hdl/zynq_ultra_ps_e_v3_5_3.v:3888]
WARNING: [Synth 8-7071] port 'PSS_ALTO_CORE_PAD_DRAMA' of module 'PS8' is unconnected for instance 'PS8_i' [/nas/ei/home/ge43set/PS-PL-DMA-LED-URAM/PS-PL-DMA-LED-URAM.gen/sources_1/bd/DMA_LED/ip/DMA_LED_zynq_ultra_ps_e_0_0/hdl/zynq_ultra_ps_e_v3_5_3.v:3888]
WARNING: [Synth 8-7071] port 'PSS_ALTO_CORE_PAD_DRAMACTN' of module 'PS8' is unconnected for instance 'PS8_i' [/nas/ei/home/ge43set/PS-PL-DMA-LED-URAM/PS-PL-DMA-LED-URAM.gen/sources_1/bd/DMA_LED/ip/DMA_LED_zynq_ultra_ps_e_0_0/hdl/zynq_ultra_ps_e_v3_5_3.v:3888]
WARNING: [Synth 8-7071] port 'PSS_ALTO_CORE_PAD_DRAMALERTN' of module 'PS8' is unconnected for instance 'PS8_i' [/nas/ei/home/ge43set/PS-PL-DMA-LED-URAM/PS-PL-DMA-LED-URAM.gen/sources_1/bd/DMA_LED/ip/DMA_LED_zynq_ultra_ps_e_0_0/hdl/zynq_ultra_ps_e_v3_5_3.v:3888]
WARNING: [Synth 8-7071] port 'PSS_ALTO_CORE_PAD_DRAMBA' of module 'PS8' is unconnected for instance 'PS8_i' [/nas/ei/home/ge43set/PS-PL-DMA-LED-URAM/PS-PL-DMA-LED-URAM.gen/sources_1/bd/DMA_LED/ip/DMA_LED_zynq_ultra_ps_e_0_0/hdl/zynq_ultra_ps_e_v3_5_3.v:3888]
WARNING: [Synth 8-7071] port 'PSS_ALTO_CORE_PAD_DRAMBG' of module 'PS8' is unconnected for instance 'PS8_i' [/nas/ei/home/ge43set/PS-PL-DMA-LED-URAM/PS-PL-DMA-LED-URAM.gen/sources_1/bd/DMA_LED/ip/DMA_LED_zynq_ultra_ps_e_0_0/hdl/zynq_ultra_ps_e_v3_5_3.v:3888]
WARNING: [Synth 8-7071] port 'PSS_ALTO_CORE_PAD_DRAMCK' of module 'PS8' is unconnected for instance 'PS8_i' [/nas/ei/home/ge43set/PS-PL-DMA-LED-URAM/PS-PL-DMA-LED-URAM.gen/sources_1/bd/DMA_LED/ip/DMA_LED_zynq_ultra_ps_e_0_0/hdl/zynq_ultra_ps_e_v3_5_3.v:3888]
WARNING: [Synth 8-7071] port 'PSS_ALTO_CORE_PAD_DRAMCKE' of module 'PS8' is unconnected for instance 'PS8_i' [/nas/ei/home/ge43set/PS-PL-DMA-LED-URAM/PS-PL-DMA-LED-URAM.gen/sources_1/bd/DMA_LED/ip/DMA_LED_zynq_ultra_ps_e_0_0/hdl/zynq_ultra_ps_e_v3_5_3.v:3888]
WARNING: [Synth 8-7071] port 'PSS_ALTO_CORE_PAD_DRAMCKN' of module 'PS8' is unconnected for instance 'PS8_i' [/nas/ei/home/ge43set/PS-PL-DMA-LED-URAM/PS-PL-DMA-LED-URAM.gen/sources_1/bd/DMA_LED/ip/DMA_LED_zynq_ultra_ps_e_0_0/hdl/zynq_ultra_ps_e_v3_5_3.v:3888]
WARNING: [Synth 8-7071] port 'PSS_ALTO_CORE_PAD_DRAMCSN' of module 'PS8' is unconnected for instance 'PS8_i' [/nas/ei/home/ge43set/PS-PL-DMA-LED-URAM/PS-PL-DMA-LED-URAM.gen/sources_1/bd/DMA_LED/ip/DMA_LED_zynq_ultra_ps_e_0_0/hdl/zynq_ultra_ps_e_v3_5_3.v:3888]
WARNING: [Synth 8-7071] port 'PSS_ALTO_CORE_PAD_DRAMDM' of module 'PS8' is unconnected for instance 'PS8_i' [/nas/ei/home/ge43set/PS-PL-DMA-LED-URAM/PS-PL-DMA-LED-URAM.gen/sources_1/bd/DMA_LED/ip/DMA_LED_zynq_ultra_ps_e_0_0/hdl/zynq_ultra_ps_e_v3_5_3.v:3888]
WARNING: [Synth 8-7071] port 'PSS_ALTO_CORE_PAD_DRAMDQ' of module 'PS8' is unconnected for instance 'PS8_i' [/nas/ei/home/ge43set/PS-PL-DMA-LED-URAM/PS-PL-DMA-LED-URAM.gen/sources_1/bd/DMA_LED/ip/DMA_LED_zynq_ultra_ps_e_0_0/hdl/zynq_ultra_ps_e_v3_5_3.v:3888]
WARNING: [Synth 8-7071] port 'PSS_ALTO_CORE_PAD_DRAMDQS' of module 'PS8' is unconnected for instance 'PS8_i' [/nas/ei/home/ge43set/PS-PL-DMA-LED-URAM/PS-PL-DMA-LED-URAM.gen/sources_1/bd/DMA_LED/ip/DMA_LED_zynq_ultra_ps_e_0_0/hdl/zynq_ultra_ps_e_v3_5_3.v:3888]
WARNING: [Synth 8-7071] port 'PSS_ALTO_CORE_PAD_DRAMDQSN' of module 'PS8' is unconnected for instance 'PS8_i' [/nas/ei/home/ge43set/PS-PL-DMA-LED-URAM/PS-PL-DMA-LED-URAM.gen/sources_1/bd/DMA_LED/ip/DMA_LED_zynq_ultra_ps_e_0_0/hdl/zynq_ultra_ps_e_v3_5_3.v:3888]
WARNING: [Synth 8-7071] port 'PSS_ALTO_CORE_PAD_DRAMODT' of module 'PS8' is unconnected for instance 'PS8_i' [/nas/ei/home/ge43set/PS-PL-DMA-LED-URAM/PS-PL-DMA-LED-URAM.gen/sources_1/bd/DMA_LED/ip/DMA_LED_zynq_ultra_ps_e_0_0/hdl/zynq_ultra_ps_e_v3_5_3.v:3888]
WARNING: [Synth 8-7071] port 'PSS_ALTO_CORE_PAD_DRAMPARITY' of module 'PS8' is unconnected for instance 'PS8_i' [/nas/ei/home/ge43set/PS-PL-DMA-LED-URAM/PS-PL-DMA-LED-URAM.gen/sources_1/bd/DMA_LED/ip/DMA_LED_zynq_ultra_ps_e_0_0/hdl/zynq_ultra_ps_e_v3_5_3.v:3888]
WARNING: [Synth 8-7071] port 'PSS_ALTO_CORE_PAD_DRAMRAMRSTN' of module 'PS8' is unconnected for instance 'PS8_i' [/nas/ei/home/ge43set/PS-PL-DMA-LED-URAM/PS-PL-DMA-LED-URAM.gen/sources_1/bd/DMA_LED/ip/DMA_LED_zynq_ultra_ps_e_0_0/hdl/zynq_ultra_ps_e_v3_5_3.v:3888]
WARNING: [Synth 8-7071] port 'PSS_ALTO_CORE_PAD_ERROROUT' of module 'PS8' is unconnected for instance 'PS8_i' [/nas/ei/home/ge43set/PS-PL-DMA-LED-URAM/PS-PL-DMA-LED-URAM.gen/sources_1/bd/DMA_LED/ip/DMA_LED_zynq_ultra_ps_e_0_0/hdl/zynq_ultra_ps_e_v3_5_3.v:3888]
WARNING: [Synth 8-7071] port 'PSS_ALTO_CORE_PAD_ERRORSTATUS' of module 'PS8' is unconnected for instance 'PS8_i' [/nas/ei/home/ge43set/PS-PL-DMA-LED-URAM/PS-PL-DMA-LED-URAM.gen/sources_1/bd/DMA_LED/ip/DMA_LED_zynq_ultra_ps_e_0_0/hdl/zynq_ultra_ps_e_v3_5_3.v:3888]
WARNING: [Synth 8-7071] port 'PSS_ALTO_CORE_PAD_INITB' of module 'PS8' is unconnected for instance 'PS8_i' [/nas/ei/home/ge43set/PS-PL-DMA-LED-URAM/PS-PL-DMA-LED-URAM.gen/sources_1/bd/DMA_LED/ip/DMA_LED_zynq_ultra_ps_e_0_0/hdl/zynq_ultra_ps_e_v3_5_3.v:3888]
WARNING: [Synth 8-7071] port 'PSS_ALTO_CORE_PAD_JTAGTCK' of module 'PS8' is unconnected for instance 'PS8_i' [/nas/ei/home/ge43set/PS-PL-DMA-LED-URAM/PS-PL-DMA-LED-URAM.gen/sources_1/bd/DMA_LED/ip/DMA_LED_zynq_ultra_ps_e_0_0/hdl/zynq_ultra_ps_e_v3_5_3.v:3888]
WARNING: [Synth 8-7071] port 'PSS_ALTO_CORE_PAD_JTAGTDI' of module 'PS8' is unconnected for instance 'PS8_i' [/nas/ei/home/ge43set/PS-PL-DMA-LED-URAM/PS-PL-DMA-LED-URAM.gen/sources_1/bd/DMA_LED/ip/DMA_LED_zynq_ultra_ps_e_0_0/hdl/zynq_ultra_ps_e_v3_5_3.v:3888]
WARNING: [Synth 8-7071] port 'PSS_ALTO_CORE_PAD_JTAGTDO' of module 'PS8' is unconnected for instance 'PS8_i' [/nas/ei/home/ge43set/PS-PL-DMA-LED-URAM/PS-PL-DMA-LED-URAM.gen/sources_1/bd/DMA_LED/ip/DMA_LED_zynq_ultra_ps_e_0_0/hdl/zynq_ultra_ps_e_v3_5_3.v:3888]
WARNING: [Synth 8-7071] port 'PSS_ALTO_CORE_PAD_JTAGTMS' of module 'PS8' is unconnected for instance 'PS8_i' [/nas/ei/home/ge43set/PS-PL-DMA-LED-URAM/PS-PL-DMA-LED-URAM.gen/sources_1/bd/DMA_LED/ip/DMA_LED_zynq_ultra_ps_e_0_0/hdl/zynq_ultra_ps_e_v3_5_3.v:3888]
WARNING: [Synth 8-7071] port 'PSS_ALTO_CORE_PAD_MIO' of module 'PS8' is unconnected for instance 'PS8_i' [/nas/ei/home/ge43set/PS-PL-DMA-LED-URAM/PS-PL-DMA-LED-URAM.gen/sources_1/bd/DMA_LED/ip/DMA_LED_zynq_ultra_ps_e_0_0/hdl/zynq_ultra_ps_e_v3_5_3.v:3888]
WARNING: [Synth 8-7071] port 'PSS_ALTO_CORE_PAD_PORB' of module 'PS8' is unconnected for instance 'PS8_i' [/nas/ei/home/ge43set/PS-PL-DMA-LED-URAM/PS-PL-DMA-LED-URAM.gen/sources_1/bd/DMA_LED/ip/DMA_LED_zynq_ultra_ps_e_0_0/hdl/zynq_ultra_ps_e_v3_5_3.v:3888]
WARNING: [Synth 8-7071] port 'PSS_ALTO_CORE_PAD_PROGB' of module 'PS8' is unconnected for instance 'PS8_i' [/nas/ei/home/ge43set/PS-PL-DMA-LED-URAM/PS-PL-DMA-LED-URAM.gen/sources_1/bd/DMA_LED/ip/DMA_LED_zynq_ultra_ps_e_0_0/hdl/zynq_ultra_ps_e_v3_5_3.v:3888]
WARNING: [Synth 8-7071] port 'PSS_ALTO_CORE_PAD_RCALIBINOUT' of module 'PS8' is unconnected for instance 'PS8_i' [/nas/ei/home/ge43set/PS-PL-DMA-LED-URAM/PS-PL-DMA-LED-URAM.gen/sources_1/bd/DMA_LED/ip/DMA_LED_zynq_ultra_ps_e_0_0/hdl/zynq_ultra_ps_e_v3_5_3.v:3888]
WARNING: [Synth 8-7071] port 'PSS_ALTO_CORE_PAD_SRSTB' of module 'PS8' is unconnected for instance 'PS8_i' [/nas/ei/home/ge43set/PS-PL-DMA-LED-URAM/PS-PL-DMA-LED-URAM.gen/sources_1/bd/DMA_LED/ip/DMA_LED_zynq_ultra_ps_e_0_0/hdl/zynq_ultra_ps_e_v3_5_3.v:3888]
WARNING: [Synth 8-7071] port 'PSS_ALTO_CORE_PAD_ZQ' of module 'PS8' is unconnected for instance 'PS8_i' [/nas/ei/home/ge43set/PS-PL-DMA-LED-URAM/PS-PL-DMA-LED-URAM.gen/sources_1/bd/DMA_LED/ip/DMA_LED_zynq_ultra_ps_e_0_0/hdl/zynq_ultra_ps_e_v3_5_3.v:3888]
WARNING: [Synth 8-7071] port 'PSS_ALTO_CORE_PAD_MGTRXN0IN' of module 'PS8' is unconnected for instance 'PS8_i' [/nas/ei/home/ge43set/PS-PL-DMA-LED-URAM/PS-PL-DMA-LED-URAM.gen/sources_1/bd/DMA_LED/ip/DMA_LED_zynq_ultra_ps_e_0_0/hdl/zynq_ultra_ps_e_v3_5_3.v:3888]
WARNING: [Synth 8-7071] port 'PSS_ALTO_CORE_PAD_MGTRXN1IN' of module 'PS8' is unconnected for instance 'PS8_i' [/nas/ei/home/ge43set/PS-PL-DMA-LED-URAM/PS-PL-DMA-LED-URAM.gen/sources_1/bd/DMA_LED/ip/DMA_LED_zynq_ultra_ps_e_0_0/hdl/zynq_ultra_ps_e_v3_5_3.v:3888]
WARNING: [Synth 8-7071] port 'PSS_ALTO_CORE_PAD_MGTRXN2IN' of module 'PS8' is unconnected for instance 'PS8_i' [/nas/ei/home/ge43set/PS-PL-DMA-LED-URAM/PS-PL-DMA-LED-URAM.gen/sources_1/bd/DMA_LED/ip/DMA_LED_zynq_ultra_ps_e_0_0/hdl/zynq_ultra_ps_e_v3_5_3.v:3888]
WARNING: [Synth 8-7071] port 'PSS_ALTO_CORE_PAD_MGTRXN3IN' of module 'PS8' is unconnected for instance 'PS8_i' [/nas/ei/home/ge43set/PS-PL-DMA-LED-URAM/PS-PL-DMA-LED-URAM.gen/sources_1/bd/DMA_LED/ip/DMA_LED_zynq_ultra_ps_e_0_0/hdl/zynq_ultra_ps_e_v3_5_3.v:3888]
WARNING: [Synth 8-7071] port 'PSS_ALTO_CORE_PAD_MGTRXP0IN' of module 'PS8' is unconnected for instance 'PS8_i' [/nas/ei/home/ge43set/PS-PL-DMA-LED-URAM/PS-PL-DMA-LED-URAM.gen/sources_1/bd/DMA_LED/ip/DMA_LED_zynq_ultra_ps_e_0_0/hdl/zynq_ultra_ps_e_v3_5_3.v:3888]
WARNING: [Synth 8-7071] port 'PSS_ALTO_CORE_PAD_MGTRXP1IN' of module 'PS8' is unconnected for instance 'PS8_i' [/nas/ei/home/ge43set/PS-PL-DMA-LED-URAM/PS-PL-DMA-LED-URAM.gen/sources_1/bd/DMA_LED/ip/DMA_LED_zynq_ultra_ps_e_0_0/hdl/zynq_ultra_ps_e_v3_5_3.v:3888]
WARNING: [Synth 8-7071] port 'PSS_ALTO_CORE_PAD_MGTRXP2IN' of module 'PS8' is unconnected for instance 'PS8_i' [/nas/ei/home/ge43set/PS-PL-DMA-LED-URAM/PS-PL-DMA-LED-URAM.gen/sources_1/bd/DMA_LED/ip/DMA_LED_zynq_ultra_ps_e_0_0/hdl/zynq_ultra_ps_e_v3_5_3.v:3888]
WARNING: [Synth 8-7071] port 'PSS_ALTO_CORE_PAD_MGTRXP3IN' of module 'PS8' is unconnected for instance 'PS8_i' [/nas/ei/home/ge43set/PS-PL-DMA-LED-URAM/PS-PL-DMA-LED-URAM.gen/sources_1/bd/DMA_LED/ip/DMA_LED_zynq_ultra_ps_e_0_0/hdl/zynq_ultra_ps_e_v3_5_3.v:3888]
WARNING: [Synth 8-7071] port 'PSS_ALTO_CORE_PAD_PADI' of module 'PS8' is unconnected for instance 'PS8_i' [/nas/ei/home/ge43set/PS-PL-DMA-LED-URAM/PS-PL-DMA-LED-URAM.gen/sources_1/bd/DMA_LED/ip/DMA_LED_zynq_ultra_ps_e_0_0/hdl/zynq_ultra_ps_e_v3_5_3.v:3888]
WARNING: [Synth 8-7071] port 'PSS_ALTO_CORE_PAD_REFN0IN' of module 'PS8' is unconnected for instance 'PS8_i' [/nas/ei/home/ge43set/PS-PL-DMA-LED-URAM/PS-PL-DMA-LED-URAM.gen/sources_1/bd/DMA_LED/ip/DMA_LED_zynq_ultra_ps_e_0_0/hdl/zynq_ultra_ps_e_v3_5_3.v:3888]
WARNING: [Synth 8-7071] port 'PSS_ALTO_CORE_PAD_REFN1IN' of module 'PS8' is unconnected for instance 'PS8_i' [/nas/ei/home/ge43set/PS-PL-DMA-LED-URAM/PS-PL-DMA-LED-URAM.gen/sources_1/bd/DMA_LED/ip/DMA_LED_zynq_ultra_ps_e_0_0/hdl/zynq_ultra_ps_e_v3_5_3.v:3888]
WARNING: [Synth 8-7071] port 'PSS_ALTO_CORE_PAD_REFN2IN' of module 'PS8' is unconnected for instance 'PS8_i' [/nas/ei/home/ge43set/PS-PL-DMA-LED-URAM/PS-PL-DMA-LED-URAM.gen/sources_1/bd/DMA_LED/ip/DMA_LED_zynq_ultra_ps_e_0_0/hdl/zynq_ultra_ps_e_v3_5_3.v:3888]
WARNING: [Synth 8-7071] port 'PSS_ALTO_CORE_PAD_REFN3IN' of module 'PS8' is unconnected for instance 'PS8_i' [/nas/ei/home/ge43set/PS-PL-DMA-LED-URAM/PS-PL-DMA-LED-URAM.gen/sources_1/bd/DMA_LED/ip/DMA_LED_zynq_ultra_ps_e_0_0/hdl/zynq_ultra_ps_e_v3_5_3.v:3888]
WARNING: [Synth 8-7071] port 'PSS_ALTO_CORE_PAD_REFP0IN' of module 'PS8' is unconnected for instance 'PS8_i' [/nas/ei/home/ge43set/PS-PL-DMA-LED-URAM/PS-PL-DMA-LED-URAM.gen/sources_1/bd/DMA_LED/ip/DMA_LED_zynq_ultra_ps_e_0_0/hdl/zynq_ultra_ps_e_v3_5_3.v:3888]
WARNING: [Synth 8-7071] port 'PSS_ALTO_CORE_PAD_REFP1IN' of module 'PS8' is unconnected for instance 'PS8_i' [/nas/ei/home/ge43set/PS-PL-DMA-LED-URAM/PS-PL-DMA-LED-URAM.gen/sources_1/bd/DMA_LED/ip/DMA_LED_zynq_ultra_ps_e_0_0/hdl/zynq_ultra_ps_e_v3_5_3.v:3888]
WARNING: [Synth 8-7071] port 'PSS_ALTO_CORE_PAD_REFP2IN' of module 'PS8' is unconnected for instance 'PS8_i' [/nas/ei/home/ge43set/PS-PL-DMA-LED-URAM/PS-PL-DMA-LED-URAM.gen/sources_1/bd/DMA_LED/ip/DMA_LED_zynq_ultra_ps_e_0_0/hdl/zynq_ultra_ps_e_v3_5_3.v:3888]
WARNING: [Synth 8-7071] port 'PSS_ALTO_CORE_PAD_REFP3IN' of module 'PS8' is unconnected for instance 'PS8_i' [/nas/ei/home/ge43set/PS-PL-DMA-LED-URAM/PS-PL-DMA-LED-URAM.gen/sources_1/bd/DMA_LED/ip/DMA_LED_zynq_ultra_ps_e_0_0/hdl/zynq_ultra_ps_e_v3_5_3.v:3888]
WARNING: [Synth 8-7023] instance 'PS8_i' of module 'PS8' has 1015 connections declared, but only 957 given [/nas/ei/home/ge43set/PS-PL-DMA-LED-URAM/PS-PL-DMA-LED-URAM.gen/sources_1/bd/DMA_LED/ip/DMA_LED_zynq_ultra_ps_e_0_0/hdl/zynq_ultra_ps_e_v3_5_3.v:3888]
INFO: [Synth 8-6155] done synthesizing module 'zynq_ultra_ps_e_v3_5_3_zynq_ultra_ps_e' (0#1) [/nas/ei/home/ge43set/PS-PL-DMA-LED-URAM/PS-PL-DMA-LED-URAM.gen/sources_1/bd/DMA_LED/ip/DMA_LED_zynq_ultra_ps_e_0_0/hdl/zynq_ultra_ps_e_v3_5_3.v:68]
WARNING: [Synth 8-7071] port 'emio_enet0_signal_detect' of module 'zynq_ultra_ps_e_v3_5_3_zynq_ultra_ps_e' is unconnected for instance 'inst' [/nas/ei/home/ge43set/PS-PL-DMA-LED-URAM/PS-PL-DMA-LED-URAM.gen/sources_1/bd/DMA_LED/ip/DMA_LED_zynq_ultra_ps_e_0_0/synth/DMA_LED_zynq_ultra_ps_e_0_0.v:486]
WARNING: [Synth 8-7071] port 'emio_enet1_signal_detect' of module 'zynq_ultra_ps_e_v3_5_3_zynq_ultra_ps_e' is unconnected for instance 'inst' [/nas/ei/home/ge43set/PS-PL-DMA-LED-URAM/PS-PL-DMA-LED-URAM.gen/sources_1/bd/DMA_LED/ip/DMA_LED_zynq_ultra_ps_e_0_0/synth/DMA_LED_zynq_ultra_ps_e_0_0.v:486]
WARNING: [Synth 8-7071] port 'emio_enet2_signal_detect' of module 'zynq_ultra_ps_e_v3_5_3_zynq_ultra_ps_e' is unconnected for instance 'inst' [/nas/ei/home/ge43set/PS-PL-DMA-LED-URAM/PS-PL-DMA-LED-URAM.gen/sources_1/bd/DMA_LED/ip/DMA_LED_zynq_ultra_ps_e_0_0/synth/DMA_LED_zynq_ultra_ps_e_0_0.v:486]
WARNING: [Synth 8-7071] port 'emio_enet3_signal_detect' of module 'zynq_ultra_ps_e_v3_5_3_zynq_ultra_ps_e' is unconnected for instance 'inst' [/nas/ei/home/ge43set/PS-PL-DMA-LED-URAM/PS-PL-DMA-LED-URAM.gen/sources_1/bd/DMA_LED/ip/DMA_LED_zynq_ultra_ps_e_0_0/synth/DMA_LED_zynq_ultra_ps_e_0_0.v:486]
WARNING: [Synth 8-7023] instance 'inst' of module 'zynq_ultra_ps_e_v3_5_3_zynq_ultra_ps_e' has 1491 connections declared, but only 1487 given [/nas/ei/home/ge43set/PS-PL-DMA-LED-URAM/PS-PL-DMA-LED-URAM.gen/sources_1/bd/DMA_LED/ip/DMA_LED_zynq_ultra_ps_e_0_0/synth/DMA_LED_zynq_ultra_ps_e_0_0.v:486]
INFO: [Synth 8-6155] done synthesizing module 'DMA_LED_zynq_ultra_ps_e_0_0' (0#1) [/nas/ei/home/ge43set/PS-PL-DMA-LED-URAM/PS-PL-DMA-LED-URAM.gen/sources_1/bd/DMA_LED/ip/DMA_LED_zynq_ultra_ps_e_0_0/synth/DMA_LED_zynq_ultra_ps_e_0_0.v:53]
WARNING: [Synth 8-3848] Net dp_audio_ref_clk in module/entity zynq_ultra_ps_e_v3_5_3_zynq_ultra_ps_e does not have driver. [/nas/ei/home/ge43set/PS-PL-DMA-LED-URAM/PS-PL-DMA-LED-URAM.gen/sources_1/bd/DMA_LED/ip/DMA_LED_zynq_ultra_ps_e_0_0/hdl/zynq_ultra_ps_e_v3_5_3.v:387]
WARNING: [Synth 8-3848] Net irq_ipi_pl_0 in module/entity zynq_ultra_ps_e_v3_5_3_zynq_ultra_ps_e does not have driver. [/nas/ei/home/ge43set/PS-PL-DMA-LED-URAM/PS-PL-DMA-LED-URAM.gen/sources_1/bd/DMA_LED/ip/DMA_LED_zynq_ultra_ps_e_0_0/hdl/zynq_ultra_ps_e_v3_5_3.v:1407]
WARNING: [Synth 8-3848] Net irq_ipi_pl_1 in module/entity zynq_ultra_ps_e_v3_5_3_zynq_ultra_ps_e does not have driver. [/nas/ei/home/ge43set/PS-PL-DMA-LED-URAM/PS-PL-DMA-LED-URAM.gen/sources_1/bd/DMA_LED/ip/DMA_LED_zynq_ultra_ps_e_0_0/hdl/zynq_ultra_ps_e_v3_5_3.v:1408]
WARNING: [Synth 8-3848] Net irq_ipi_pl_2 in module/entity zynq_ultra_ps_e_v3_5_3_zynq_ultra_ps_e does not have driver. [/nas/ei/home/ge43set/PS-PL-DMA-LED-URAM/PS-PL-DMA-LED-URAM.gen/sources_1/bd/DMA_LED/ip/DMA_LED_zynq_ultra_ps_e_0_0/hdl/zynq_ultra_ps_e_v3_5_3.v:1409]
WARNING: [Synth 8-3848] Net irq_ipi_pl_3 in module/entity zynq_ultra_ps_e_v3_5_3_zynq_ultra_ps_e does not have driver. [/nas/ei/home/ge43set/PS-PL-DMA-LED-URAM/PS-PL-DMA-LED-URAM.gen/sources_1/bd/DMA_LED/ip/DMA_LED_zynq_ultra_ps_e_0_0/hdl/zynq_ultra_ps_e_v3_5_3.v:1410]
WARNING: [Synth 8-7129] Port dp_audio_ref_clk in module zynq_ultra_ps_e_v3_5_3_zynq_ultra_ps_e is either unconnected or has no load
WARNING: [Synth 8-7129] Port irq_ipi_pl_0 in module zynq_ultra_ps_e_v3_5_3_zynq_ultra_ps_e is either unconnected or has no load
WARNING: [Synth 8-7129] Port irq_ipi_pl_1 in module zynq_ultra_ps_e_v3_5_3_zynq_ultra_ps_e is either unconnected or has no load
WARNING: [Synth 8-7129] Port irq_ipi_pl_2 in module zynq_ultra_ps_e_v3_5_3_zynq_ultra_ps_e is either unconnected or has no load
WARNING: [Synth 8-7129] Port irq_ipi_pl_3 in module zynq_ultra_ps_e_v3_5_3_zynq_ultra_ps_e is either unconnected or has no load
WARNING: [Synth 8-7129] Port saxihpc0_fpd_rclk in module zynq_ultra_ps_e_v3_5_3_zynq_ultra_ps_e is either unconnected or has no load
WARNING: [Synth 8-7129] Port saxihpc0_fpd_wclk in module zynq_ultra_ps_e_v3_5_3_zynq_ultra_ps_e is either unconnected or has no load
WARNING: [Synth 8-7129] Port saxihpc1_fpd_rclk in module zynq_ultra_ps_e_v3_5_3_zynq_ultra_ps_e is either unconnected or has no load
WARNING: [Synth 8-7129] Port saxihpc1_fpd_wclk in module zynq_ultra_ps_e_v3_5_3_zynq_ultra_ps_e is either unconnected or has no load
WARNING: [Synth 8-7129] Port saxihp0_fpd_rclk in module zynq_ultra_ps_e_v3_5_3_zynq_ultra_ps_e is either unconnected or has no load
WARNING: [Synth 8-7129] Port saxihp0_fpd_wclk in module zynq_ultra_ps_e_v3_5_3_zynq_ultra_ps_e is either unconnected or has no load
WARNING: [Synth 8-7129] Port saxihp1_fpd_rclk in module zynq_ultra_ps_e_v3_5_3_zynq_ultra_ps_e is either unconnected or has no load
WARNING: [Synth 8-7129] Port saxihp1_fpd_wclk in module zynq_ultra_ps_e_v3_5_3_zynq_ultra_ps_e is either unconnected or has no load
WARNING: [Synth 8-7129] Port saxihp2_fpd_rclk in module zynq_ultra_ps_e_v3_5_3_zynq_ultra_ps_e is either unconnected or has no load
WARNING: [Synth 8-7129] Port saxihp2_fpd_wclk in module zynq_ultra_ps_e_v3_5_3_zynq_ultra_ps_e is either unconnected or has no load
WARNING: [Synth 8-7129] Port saxihp3_fpd_rclk in module zynq_ultra_ps_e_v3_5_3_zynq_ultra_ps_e is either unconnected or has no load
WARNING: [Synth 8-7129] Port saxihp3_fpd_wclk in module zynq_ultra_ps_e_v3_5_3_zynq_ultra_ps_e is either unconnected or has no load
WARNING: [Synth 8-7129] Port saxi_lpd_rclk in module zynq_ultra_ps_e_v3_5_3_zynq_ultra_ps_e is either unconnected or has no load
WARNING: [Synth 8-7129] Port saxi_lpd_wclk in module zynq_ultra_ps_e_v3_5_3_zynq_ultra_ps_e is either unconnected or has no load
WARNING: [Synth 8-7129] Port sacefpd_awuser[15] in module zynq_ultra_ps_e_v3_5_3_zynq_ultra_ps_e is either unconnected or has no load
WARNING: [Synth 8-7129] Port sacefpd_awuser[14] in module zynq_ultra_ps_e_v3_5_3_zynq_ultra_ps_e is either unconnected or has no load
WARNING: [Synth 8-7129] Port sacefpd_awuser[13] in module zynq_ultra_ps_e_v3_5_3_zynq_ultra_ps_e is either unconnected or has no load
WARNING: [Synth 8-7129] Port sacefpd_awuser[12] in module zynq_ultra_ps_e_v3_5_3_zynq_ultra_ps_e is either unconnected or has no load
WARNING: [Synth 8-7129] Port sacefpd_awuser[11] in module zynq_ultra_ps_e_v3_5_3_zynq_ultra_ps_e is either unconnected or has no load
WARNING: [Synth 8-7129] Port sacefpd_awuser[10] in module zynq_ultra_ps_e_v3_5_3_zynq_ultra_ps_e is either unconnected or has no load
WARNING: [Synth 8-7129] Port sacefpd_awuser[9] in module zynq_ultra_ps_e_v3_5_3_zynq_ultra_ps_e is either unconnected or has no load
WARNING: [Synth 8-7129] Port sacefpd_awuser[8] in module zynq_ultra_ps_e_v3_5_3_zynq_ultra_ps_e is either unconnected or has no load
WARNING: [Synth 8-7129] Port sacefpd_awuser[7] in module zynq_ultra_ps_e_v3_5_3_zynq_ultra_ps_e is either unconnected or has no load
WARNING: [Synth 8-7129] Port sacefpd_awuser[6] in module zynq_ultra_ps_e_v3_5_3_zynq_ultra_ps_e is either unconnected or has no load
WARNING: [Synth 8-7129] Port sacefpd_aruser[15] in module zynq_ultra_ps_e_v3_5_3_zynq_ultra_ps_e is either unconnected or has no load
WARNING: [Synth 8-7129] Port sacefpd_aruser[14] in module zynq_ultra_ps_e_v3_5_3_zynq_ultra_ps_e is either unconnected or has no load
WARNING: [Synth 8-7129] Port sacefpd_aruser[13] in module zynq_ultra_ps_e_v3_5_3_zynq_ultra_ps_e is either unconnected or has no load
WARNING: [Synth 8-7129] Port sacefpd_aruser[12] in module zynq_ultra_ps_e_v3_5_3_zynq_ultra_ps_e is either unconnected or has no load
WARNING: [Synth 8-7129] Port sacefpd_aruser[11] in module zynq_ultra_ps_e_v3_5_3_zynq_ultra_ps_e is either unconnected or has no load
WARNING: [Synth 8-7129] Port sacefpd_aruser[10] in module zynq_ultra_ps_e_v3_5_3_zynq_ultra_ps_e is either unconnected or has no load
WARNING: [Synth 8-7129] Port sacefpd_aruser[9] in module zynq_ultra_ps_e_v3_5_3_zynq_ultra_ps_e is either unconnected or has no load
WARNING: [Synth 8-7129] Port sacefpd_aruser[8] in module zynq_ultra_ps_e_v3_5_3_zynq_ultra_ps_e is either unconnected or has no load
WARNING: [Synth 8-7129] Port sacefpd_aruser[7] in module zynq_ultra_ps_e_v3_5_3_zynq_ultra_ps_e is either unconnected or has no load
WARNING: [Synth 8-7129] Port sacefpd_aruser[6] in module zynq_ultra_ps_e_v3_5_3_zynq_ultra_ps_e is either unconnected or has no load
WARNING: [Synth 8-7129] Port test_adc_clk[3] in module zynq_ultra_ps_e_v3_5_3_zynq_ultra_ps_e is either unconnected or has no load
WARNING: [Synth 8-7129] Port test_adc_clk[2] in module zynq_ultra_ps_e_v3_5_3_zynq_ultra_ps_e is either unconnected or has no load
WARNING: [Synth 8-7129] Port test_adc_clk[1] in module zynq_ultra_ps_e_v3_5_3_zynq_ultra_ps_e is either unconnected or has no load
WARNING: [Synth 8-7129] Port test_adc_clk[0] in module zynq_ultra_ps_e_v3_5_3_zynq_ultra_ps_e is either unconnected or has no load
WARNING: [Synth 8-7129] Port test_adc_in[31] in module zynq_ultra_ps_e_v3_5_3_zynq_ultra_ps_e is either unconnected or has no load
WARNING: [Synth 8-7129] Port test_adc_in[30] in module zynq_ultra_ps_e_v3_5_3_zynq_ultra_ps_e is either unconnected or has no load
WARNING: [Synth 8-7129] Port test_adc_in[29] in module zynq_ultra_ps_e_v3_5_3_zynq_ultra_ps_e is either unconnected or has no load
WARNING: [Synth 8-7129] Port test_adc_in[28] in module zynq_ultra_ps_e_v3_5_3_zynq_ultra_ps_e is either unconnected or has no load
WARNING: [Synth 8-7129] Port test_adc_in[27] in module zynq_ultra_ps_e_v3_5_3_zynq_ultra_ps_e is either unconnected or has no load
WARNING: [Synth 8-7129] Port test_adc_in[26] in module zynq_ultra_ps_e_v3_5_3_zynq_ultra_ps_e is either unconnected or has no load
WARNING: [Synth 8-7129] Port test_adc_in[25] in module zynq_ultra_ps_e_v3_5_3_zynq_ultra_ps_e is either unconnected or has no load
WARNING: [Synth 8-7129] Port test_adc_in[24] in module zynq_ultra_ps_e_v3_5_3_zynq_ultra_ps_e is either unconnected or has no load
WARNING: [Synth 8-7129] Port test_adc_in[23] in module zynq_ultra_ps_e_v3_5_3_zynq_ultra_ps_e is either unconnected or has no load
WARNING: [Synth 8-7129] Port test_adc_in[22] in module zynq_ultra_ps_e_v3_5_3_zynq_ultra_ps_e is either unconnected or has no load
WARNING: [Synth 8-7129] Port test_adc_in[21] in module zynq_ultra_ps_e_v3_5_3_zynq_ultra_ps_e is either unconnected or has no load
WARNING: [Synth 8-7129] Port test_adc_in[20] in module zynq_ultra_ps_e_v3_5_3_zynq_ultra_ps_e is either unconnected or has no load
WARNING: [Synth 8-7129] Port test_adc_in[19] in module zynq_ultra_ps_e_v3_5_3_zynq_ultra_ps_e is either unconnected or has no load
WARNING: [Synth 8-7129] Port test_adc_in[18] in module zynq_ultra_ps_e_v3_5_3_zynq_ultra_ps_e is either unconnected or has no load
WARNING: [Synth 8-7129] Port test_adc_in[17] in module zynq_ultra_ps_e_v3_5_3_zynq_ultra_ps_e is either unconnected or has no load
WARNING: [Synth 8-7129] Port test_adc_in[16] in module zynq_ultra_ps_e_v3_5_3_zynq_ultra_ps_e is either unconnected or has no load
WARNING: [Synth 8-7129] Port test_adc_in[15] in module zynq_ultra_ps_e_v3_5_3_zynq_ultra_ps_e is either unconnected or has no load
WARNING: [Synth 8-7129] Port test_adc_in[14] in module zynq_ultra_ps_e_v3_5_3_zynq_ultra_ps_e is either unconnected or has no load
WARNING: [Synth 8-7129] Port test_adc_in[13] in module zynq_ultra_ps_e_v3_5_3_zynq_ultra_ps_e is either unconnected or has no load
WARNING: [Synth 8-7129] Port test_adc_in[12] in module zynq_ultra_ps_e_v3_5_3_zynq_ultra_ps_e is either unconnected or has no load
WARNING: [Synth 8-7129] Port test_adc_in[11] in module zynq_ultra_ps_e_v3_5_3_zynq_ultra_ps_e is either unconnected or has no load
WARNING: [Synth 8-7129] Port test_adc_in[10] in module zynq_ultra_ps_e_v3_5_3_zynq_ultra_ps_e is either unconnected or has no load
WARNING: [Synth 8-7129] Port test_adc_in[9] in module zynq_ultra_ps_e_v3_5_3_zynq_ultra_ps_e is either unconnected or has no load
WARNING: [Synth 8-7129] Port test_adc_in[8] in module zynq_ultra_ps_e_v3_5_3_zynq_ultra_ps_e is either unconnected or has no load
WARNING: [Synth 8-7129] Port test_adc_in[7] in module zynq_ultra_ps_e_v3_5_3_zynq_ultra_ps_e is either unconnected or has no load
WARNING: [Synth 8-7129] Port test_adc_in[6] in module zynq_ultra_ps_e_v3_5_3_zynq_ultra_ps_e is either unconnected or has no load
WARNING: [Synth 8-7129] Port test_adc_in[5] in module zynq_ultra_ps_e_v3_5_3_zynq_ultra_ps_e is either unconnected or has no load
WARNING: [Synth 8-7129] Port test_adc_in[4] in module zynq_ultra_ps_e_v3_5_3_zynq_ultra_ps_e is either unconnected or has no load
WARNING: [Synth 8-7129] Port test_adc_in[3] in module zynq_ultra_ps_e_v3_5_3_zynq_ultra_ps_e is either unconnected or has no load
WARNING: [Synth 8-7129] Port test_adc_in[2] in module zynq_ultra_ps_e_v3_5_3_zynq_ultra_ps_e is either unconnected or has no load
WARNING: [Synth 8-7129] Port test_adc_in[1] in module zynq_ultra_ps_e_v3_5_3_zynq_ultra_ps_e is either unconnected or has no load
WARNING: [Synth 8-7129] Port test_adc_in[0] in module zynq_ultra_ps_e_v3_5_3_zynq_ultra_ps_e is either unconnected or has no load
WARNING: [Synth 8-7129] Port test_adc2_in[31] in module zynq_ultra_ps_e_v3_5_3_zynq_ultra_ps_e is either unconnected or has no load
WARNING: [Synth 8-7129] Port test_adc2_in[30] in module zynq_ultra_ps_e_v3_5_3_zynq_ultra_ps_e is either unconnected or has no load
WARNING: [Synth 8-7129] Port test_adc2_in[29] in module zynq_ultra_ps_e_v3_5_3_zynq_ultra_ps_e is either unconnected or has no load
WARNING: [Synth 8-7129] Port test_adc2_in[28] in module zynq_ultra_ps_e_v3_5_3_zynq_ultra_ps_e is either unconnected or has no load
WARNING: [Synth 8-7129] Port test_adc2_in[27] in module zynq_ultra_ps_e_v3_5_3_zynq_ultra_ps_e is either unconnected or has no load
WARNING: [Synth 8-7129] Port test_adc2_in[26] in module zynq_ultra_ps_e_v3_5_3_zynq_ultra_ps_e is either unconnected or has no load
WARNING: [Synth 8-7129] Port test_adc2_in[25] in module zynq_ultra_ps_e_v3_5_3_zynq_ultra_ps_e is either unconnected or has no load
WARNING: [Synth 8-7129] Port test_adc2_in[24] in module zynq_ultra_ps_e_v3_5_3_zynq_ultra_ps_e is either unconnected or has no load
WARNING: [Synth 8-7129] Port test_adc2_in[23] in module zynq_ultra_ps_e_v3_5_3_zynq_ultra_ps_e is either unconnected or has no load
WARNING: [Synth 8-7129] Port test_adc2_in[22] in module zynq_ultra_ps_e_v3_5_3_zynq_ultra_ps_e is either unconnected or has no load
WARNING: [Synth 8-7129] Port test_adc2_in[21] in module zynq_ultra_ps_e_v3_5_3_zynq_ultra_ps_e is either unconnected or has no load
WARNING: [Synth 8-7129] Port test_adc2_in[20] in module zynq_ultra_ps_e_v3_5_3_zynq_ultra_ps_e is either unconnected or has no load
WARNING: [Synth 8-7129] Port test_adc2_in[19] in module zynq_ultra_ps_e_v3_5_3_zynq_ultra_ps_e is either unconnected or has no load
WARNING: [Synth 8-7129] Port test_adc2_in[18] in module zynq_ultra_ps_e_v3_5_3_zynq_ultra_ps_e is either unconnected or has no load
WARNING: [Synth 8-7129] Port test_adc2_in[17] in module zynq_ultra_ps_e_v3_5_3_zynq_ultra_ps_e is either unconnected or has no load
WARNING: [Synth 8-7129] Port test_adc2_in[16] in module zynq_ultra_ps_e_v3_5_3_zynq_ultra_ps_e is either unconnected or has no load
WARNING: [Synth 8-7129] Port test_adc2_in[15] in module zynq_ultra_ps_e_v3_5_3_zynq_ultra_ps_e is either unconnected or has no load
WARNING: [Synth 8-7129] Port test_adc2_in[14] in module zynq_ultra_ps_e_v3_5_3_zynq_ultra_ps_e is either unconnected or has no load
WARNING: [Synth 8-7129] Port test_adc2_in[13] in module zynq_ultra_ps_e_v3_5_3_zynq_ultra_ps_e is either unconnected or has no load
WARNING: [Synth 8-7129] Port test_adc2_in[12] in module zynq_ultra_ps_e_v3_5_3_zynq_ultra_ps_e is either unconnected or has no load
WARNING: [Synth 8-7129] Port test_adc2_in[11] in module zynq_ultra_ps_e_v3_5_3_zynq_ultra_ps_e is either unconnected or has no load
WARNING: [Synth 8-7129] Port test_adc2_in[10] in module zynq_ultra_ps_e_v3_5_3_zynq_ultra_ps_e is either unconnected or has no load
WARNING: [Synth 8-7129] Port test_adc2_in[9] in module zynq_ultra_ps_e_v3_5_3_zynq_ultra_ps_e is either unconnected or has no load
WARNING: [Synth 8-7129] Port test_adc2_in[8] in module zynq_ultra_ps_e_v3_5_3_zynq_ultra_ps_e is either unconnected or has no load
WARNING: [Synth 8-7129] Port test_adc2_in[7] in module zynq_ultra_ps_e_v3_5_3_zynq_ultra_ps_e is either unconnected or has no load
INFO: [Common 17-14] Message 'Synth 8-7129' appears 100 times and further instances of the messages will be disabled. Use the Tcl command set_msg_config to change the current settings.
---------------------------------------------------------------------------------
Finished RTL Elaboration : Time (s): cpu = 00:00:06 ; elapsed = 00:00:07 . Memory (MB): peak = 2833.926 ; gain = 388.570 ; free physical = 9191 ; free virtual = 227478
---------------------------------------------------------------------------------
---------------------------------------------------------------------------------
Start Handling Custom Attributes
---------------------------------------------------------------------------------
---------------------------------------------------------------------------------
Finished Handling Custom Attributes : Time (s): cpu = 00:00:06 ; elapsed = 00:00:07 . Memory (MB): peak = 2836.895 ; gain = 391.539 ; free physical = 9188 ; free virtual = 227474
---------------------------------------------------------------------------------
---------------------------------------------------------------------------------
Finished RTL Optimization Phase 1 : Time (s): cpu = 00:00:06 ; elapsed = 00:00:07 . Memory (MB): peak = 2836.895 ; gain = 391.539 ; free physical = 9188 ; free virtual = 227474
---------------------------------------------------------------------------------
Netlist sorting complete. Time (s): cpu = 00:00:00.02 ; elapsed = 00:00:00.02 . Memory (MB): peak = 2847.863 ; gain = 0.000 ; free physical = 9177 ; free virtual = 227463
INFO: [Project 1-570] Preparing netlist for logic optimization

Processing XDC Constraints
Initializing timing engine
Parsing XDC File [/nas/ei/home/ge43set/PS-PL-DMA-LED-URAM/PS-PL-DMA-LED-URAM.gen/sources_1/bd/DMA_LED/ip/DMA_LED_zynq_ultra_ps_e_0_0/DMA_LED_zynq_ultra_ps_e_0_0_ooc.xdc] for cell 'inst'
Finished Parsing XDC File [/nas/ei/home/ge43set/PS-PL-DMA-LED-URAM/PS-PL-DMA-LED-URAM.gen/sources_1/bd/DMA_LED/ip/DMA_LED_zynq_ultra_ps_e_0_0/DMA_LED_zynq_ultra_ps_e_0_0_ooc.xdc] for cell 'inst'
Parsing XDC File [/nas/ei/home/ge43set/PS-PL-DMA-LED-URAM/PS-PL-DMA-LED-URAM.gen/sources_1/bd/DMA_LED/ip/DMA_LED_zynq_ultra_ps_e_0_0/DMA_LED_zynq_ultra_ps_e_0_0.xdc] for cell 'inst'
Finished Parsing XDC File [/nas/ei/home/ge43set/PS-PL-DMA-LED-URAM/PS-PL-DMA-LED-URAM.gen/sources_1/bd/DMA_LED/ip/DMA_LED_zynq_ultra_ps_e_0_0/DMA_LED_zynq_ultra_ps_e_0_0.xdc] for cell 'inst'
Parsing XDC File [/nas/ei/home/ge43set/PS-PL-DMA-LED-URAM/PS-PL-DMA-LED-URAM.runs/DMA_LED_zynq_ultra_ps_e_0_0_synth_1/dont_touch.xdc]
Finished Parsing XDC File [/nas/ei/home/ge43set/PS-PL-DMA-LED-URAM/PS-PL-DMA-LED-URAM.runs/DMA_LED_zynq_ultra_ps_e_0_0_synth_1/dont_touch.xdc]
Completed Processing XDC Constraints

Netlist sorting complete. Time (s): cpu = 00:00:00 ; elapsed = 00:00:00 . Memory (MB): peak = 2911.895 ; gain = 0.000 ; free physical = 9057 ; free virtual = 227346
INFO: [Project 1-111] Unisim Transformation Summary:
No Unisim elements were transformed.

Constraint Validation Runtime : Time (s): cpu = 00:00:00.05 ; elapsed = 00:00:00.05 . Memory (MB): peak = 2911.895 ; gain = 0.000 ; free physical = 9051 ; free virtual = 227339
INFO: [Designutils 20-5008] Incremental synthesis strategy off
---------------------------------------------------------------------------------
Finished Constraint Validation : Time (s): cpu = 00:00:18 ; elapsed = 00:00:19 . Memory (MB): peak = 2911.895 ; gain = 466.539 ; free physical = 9059 ; free virtual = 227352
---------------------------------------------------------------------------------
---------------------------------------------------------------------------------
Start Loading Part and Timing Information
---------------------------------------------------------------------------------
Loading part: xck26-sfvc784-2LV-c
INFO: [Synth 8-6742] Reading net delay rules and data
---------------------------------------------------------------------------------
Finished Loading Part and Timing Information : Time (s): cpu = 00:00:18 ; elapsed = 00:00:19 . Memory (MB): peak = 2919.898 ; gain = 474.543 ; free physical = 9059 ; free virtual = 227352
---------------------------------------------------------------------------------
---------------------------------------------------------------------------------
Start Applying 'set_property' XDC Constraints
---------------------------------------------------------------------------------
Applied set_property DONT_TOUCH = true for inst/PS8_i. (constraint file  /nas/ei/home/ge43set/PS-PL-DMA-LED-URAM/PS-PL-DMA-LED-URAM.gen/sources_1/bd/DMA_LED/ip/DMA_LED_zynq_ultra_ps_e_0_0/DMA_LED_zynq_ultra_ps_e_0_0.xdc, line 25).
Applied set_property KEEP_HIERARCHY = SOFT for inst. (constraint file  /nas/ei/home/ge43set/PS-PL-DMA-LED-URAM/PS-PL-DMA-LED-URAM.runs/DMA_LED_zynq_ultra_ps_e_0_0_synth_1/dont_touch.xdc, line 9).
---------------------------------------------------------------------------------
Finished applying 'set_property' XDC Constraints : Time (s): cpu = 00:00:18 ; elapsed = 00:00:19 . Memory (MB): peak = 2919.898 ; gain = 474.543 ; free physical = 9056 ; free virtual = 227349
---------------------------------------------------------------------------------
---------------------------------------------------------------------------------
Finished RTL Optimization Phase 2 : Time (s): cpu = 00:00:18 ; elapsed = 00:00:20 . Memory (MB): peak = 2919.898 ; gain = 474.543 ; free physical = 9061 ; free virtual = 227357
---------------------------------------------------------------------------------
---------------------------------------------------------------------------------
Start RTL Component Statistics 
---------------------------------------------------------------------------------
Detailed RTL Component Info : 
+---Registers : 
	                1 Bit    Registers := 1     
---------------------------------------------------------------------------------
Finished RTL Component Statistics 
---------------------------------------------------------------------------------
---------------------------------------------------------------------------------
Start Part Resource Summary
---------------------------------------------------------------------------------
Part Resources:
DSPs: 1248 (col length:96)
BRAMs: 288 (col length: RAMB18 96 RAMB36 48)
---------------------------------------------------------------------------------
Finished Part Resource Summary
---------------------------------------------------------------------------------
---------------------------------------------------------------------------------
Start Cross Boundary and Area Optimization
---------------------------------------------------------------------------------
WARNING: [Synth 8-7080] Parallel synthesis criteria is not met
---------------------------------------------------------------------------------
Finished Cross Boundary and Area Optimization : Time (s): cpu = 00:00:19 ; elapsed = 00:00:21 . Memory (MB): peak = 2919.898 ; gain = 474.543 ; free physical = 9060 ; free virtual = 227357
---------------------------------------------------------------------------------
---------------------------------------------------------------------------------
Start Applying XDC Timing Constraints
---------------------------------------------------------------------------------
---------------------------------------------------------------------------------
Finished Applying XDC Timing Constraints : Time (s): cpu = 00:00:31 ; elapsed = 00:00:34 . Memory (MB): peak = 4508.992 ; gain = 2063.637 ; free physical = 7318 ; free virtual = 225619
---------------------------------------------------------------------------------
---------------------------------------------------------------------------------
Start Timing Optimization
---------------------------------------------------------------------------------
---------------------------------------------------------------------------------
Finished Timing Optimization : Time (s): cpu = 00:00:31 ; elapsed = 00:00:34 . Memory (MB): peak = 4535.000 ; gain = 2089.645 ; free physical = 7283 ; free virtual = 225585
---------------------------------------------------------------------------------
---------------------------------------------------------------------------------
Start Technology Mapping
---------------------------------------------------------------------------------
---------------------------------------------------------------------------------
Finished Technology Mapping : Time (s): cpu = 00:00:31 ; elapsed = 00:00:34 . Memory (MB): peak = 4543.008 ; gain = 2097.652 ; free physical = 7210 ; free virtual = 225512
---------------------------------------------------------------------------------
---------------------------------------------------------------------------------
Start IO Insertion
---------------------------------------------------------------------------------
---------------------------------------------------------------------------------
Start Flattening Before IO Insertion
---------------------------------------------------------------------------------
---------------------------------------------------------------------------------
Finished Flattening Before IO Insertion
---------------------------------------------------------------------------------
---------------------------------------------------------------------------------
Start Final Netlist Cleanup
---------------------------------------------------------------------------------
---------------------------------------------------------------------------------
Finished Final Netlist Cleanup
---------------------------------------------------------------------------------
INFO: [Synth 8-3295] tying undriven pin trace_ctl_pipe[0]_inferred:in0 to constant 0
INFO: [Synth 8-3295] tying undriven pin trace_data_pipe[0]_inferred:in0[31] to constant 0
INFO: [Synth 8-3295] tying undriven pin trace_data_pipe[0]_inferred:in0[30] to constant 0
INFO: [Synth 8-3295] tying undriven pin trace_data_pipe[0]_inferred:in0[29] to constant 0
INFO: [Synth 8-3295] tying undriven pin trace_data_pipe[0]_inferred:in0[28] to constant 0
INFO: [Synth 8-3295] tying undriven pin trace_data_pipe[0]_inferred:in0[27] to constant 0
INFO: [Synth 8-3295] tying undriven pin trace_data_pipe[0]_inferred:in0[26] to constant 0
INFO: [Synth 8-3295] tying undriven pin trace_data_pipe[0]_inferred:in0[25] to constant 0
INFO: [Synth 8-3295] tying undriven pin trace_data_pipe[0]_inferred:in0[24] to constant 0
INFO: [Synth 8-3295] tying undriven pin trace_data_pipe[0]_inferred:in0[23] to constant 0
INFO: [Synth 8-3295] tying undriven pin trace_data_pipe[0]_inferred:in0[22] to constant 0
INFO: [Synth 8-3295] tying undriven pin trace_data_pipe[0]_inferred:in0[21] to constant 0
INFO: [Synth 8-3295] tying undriven pin trace_data_pipe[0]_inferred:in0[20] to constant 0
INFO: [Synth 8-3295] tying undriven pin trace_data_pipe[0]_inferred:in0[19] to constant 0
INFO: [Synth 8-3295] tying undriven pin trace_data_pipe[0]_inferred:in0[18] to constant 0
INFO: [Synth 8-3295] tying undriven pin trace_data_pipe[0]_inferred:in0[17] to constant 0
INFO: [Synth 8-3295] tying undriven pin trace_data_pipe[0]_inferred:in0[16] to constant 0
INFO: [Synth 8-3295] tying undriven pin trace_data_pipe[0]_inferred:in0[15] to constant 0
INFO: [Synth 8-3295] tying undriven pin trace_data_pipe[0]_inferred:in0[14] to constant 0
INFO: [Synth 8-3295] tying undriven pin trace_data_pipe[0]_inferred:in0[13] to constant 0
INFO: [Synth 8-3295] tying undriven pin trace_data_pipe[0]_inferred:in0[12] to constant 0
INFO: [Synth 8-3295] tying undriven pin trace_data_pipe[0]_inferred:in0[11] to constant 0
INFO: [Synth 8-3295] tying undriven pin trace_data_pipe[0]_inferred:in0[10] to constant 0
INFO: [Synth 8-3295] tying undriven pin trace_data_pipe[0]_inferred:in0[9] to constant 0
INFO: [Synth 8-3295] tying undriven pin trace_data_pipe[0]_inferred:in0[8] to constant 0
INFO: [Synth 8-3295] tying undriven pin trace_data_pipe[0]_inferred:in0[7] to constant 0
INFO: [Synth 8-3295] tying undriven pin trace_data_pipe[0]_inferred:in0[6] to constant 0
INFO: [Synth 8-3295] tying undriven pin trace_data_pipe[0]_inferred:in0[5] to constant 0
INFO: [Synth 8-3295] tying undriven pin trace_data_pipe[0]_inferred:in0[4] to constant 0
INFO: [Synth 8-3295] tying undriven pin trace_data_pipe[0]_inferred:in0[3] to constant 0
INFO: [Synth 8-3295] tying undriven pin trace_data_pipe[0]_inferred:in0[2] to constant 0
INFO: [Synth 8-3295] tying undriven pin trace_data_pipe[0]_inferred:in0[1] to constant 0
INFO: [Synth 8-3295] tying undriven pin trace_data_pipe[0]_inferred:in0[0] to constant 0
INFO: [Synth 8-3295] tying undriven pin trace_ctl_pipe[7]_inferred:in0 to constant 0
INFO: [Synth 8-3295] tying undriven pin trace_ctl_pipe[6]_inferred:in0 to constant 0
INFO: [Synth 8-3295] tying undriven pin trace_ctl_pipe[5]_inferred:in0 to constant 0
INFO: [Synth 8-3295] tying undriven pin trace_ctl_pipe[4]_inferred:in0 to constant 0
INFO: [Synth 8-3295] tying undriven pin trace_ctl_pipe[3]_inferred:in0 to constant 0
INFO: [Synth 8-3295] tying undriven pin trace_ctl_pipe[2]_inferred:in0 to constant 0
INFO: [Synth 8-3295] tying undriven pin trace_ctl_pipe[1]_inferred:in0 to constant 0
INFO: [Synth 8-3295] tying undriven pin trace_data_pipe[7]_inferred:in0[31] to constant 0
INFO: [Synth 8-3295] tying undriven pin trace_data_pipe[7]_inferred:in0[30] to constant 0
INFO: [Synth 8-3295] tying undriven pin trace_data_pipe[7]_inferred:in0[29] to constant 0
INFO: [Synth 8-3295] tying undriven pin trace_data_pipe[7]_inferred:in0[28] to constant 0
INFO: [Synth 8-3295] tying undriven pin trace_data_pipe[7]_inferred:in0[27] to constant 0
INFO: [Synth 8-3295] tying undriven pin trace_data_pipe[7]_inferred:in0[26] to constant 0
INFO: [Synth 8-3295] tying undriven pin trace_data_pipe[7]_inferred:in0[25] to constant 0
INFO: [Synth 8-3295] tying undriven pin trace_data_pipe[7]_inferred:in0[24] to constant 0
INFO: [Synth 8-3295] tying undriven pin trace_data_pipe[7]_inferred:in0[23] to constant 0
INFO: [Synth 8-3295] tying undriven pin trace_data_pipe[7]_inferred:in0[22] to constant 0
INFO: [Synth 8-3295] tying undriven pin trace_data_pipe[7]_inferred:in0[21] to constant 0
INFO: [Synth 8-3295] tying undriven pin trace_data_pipe[7]_inferred:in0[20] to constant 0
INFO: [Synth 8-3295] tying undriven pin trace_data_pipe[7]_inferred:in0[19] to constant 0
INFO: [Synth 8-3295] tying undriven pin trace_data_pipe[7]_inferred:in0[18] to constant 0
INFO: [Synth 8-3295] tying undriven pin trace_data_pipe[7]_inferred:in0[17] to constant 0
INFO: [Synth 8-3295] tying undriven pin trace_data_pipe[7]_inferred:in0[16] to constant 0
INFO: [Synth 8-3295] tying undriven pin trace_data_pipe[7]_inferred:in0[15] to constant 0
INFO: [Synth 8-3295] tying undriven pin trace_data_pipe[7]_inferred:in0[14] to constant 0
INFO: [Synth 8-3295] tying undriven pin trace_data_pipe[7]_inferred:in0[13] to constant 0
INFO: [Synth 8-3295] tying undriven pin trace_data_pipe[7]_inferred:in0[12] to constant 0
INFO: [Synth 8-3295] tying undriven pin trace_data_pipe[7]_inferred:in0[11] to constant 0
INFO: [Synth 8-3295] tying undriven pin trace_data_pipe[7]_inferred:in0[10] to constant 0
INFO: [Synth 8-3295] tying undriven pin trace_data_pipe[7]_inferred:in0[9] to constant 0
INFO: [Synth 8-3295] tying undriven pin trace_data_pipe[7]_inferred:in0[8] to constant 0
INFO: [Synth 8-3295] tying undriven pin trace_data_pipe[7]_inferred:in0[7] to constant 0
INFO: [Synth 8-3295] tying undriven pin trace_data_pipe[7]_inferred:in0[6] to constant 0
INFO: [Synth 8-3295] tying undriven pin trace_data_pipe[7]_inferred:in0[5] to constant 0
INFO: [Synth 8-3295] tying undriven pin trace_data_pipe[7]_inferred:in0[4] to constant 0
INFO: [Synth 8-3295] tying undriven pin trace_data_pipe[7]_inferred:in0[3] to constant 0
INFO: [Synth 8-3295] tying undriven pin trace_data_pipe[7]_inferred:in0[2] to constant 0
INFO: [Synth 8-3295] tying undriven pin trace_data_pipe[7]_inferred:in0[1] to constant 0
INFO: [Synth 8-3295] tying undriven pin trace_data_pipe[7]_inferred:in0[0] to constant 0
INFO: [Synth 8-3295] tying undriven pin trace_data_pipe[6]_inferred:in0[31] to constant 0
INFO: [Synth 8-3295] tying undriven pin trace_data_pipe[6]_inferred:in0[30] to constant 0
INFO: [Synth 8-3295] tying undriven pin trace_data_pipe[6]_inferred:in0[29] to constant 0
INFO: [Synth 8-3295] tying undriven pin trace_data_pipe[6]_inferred:in0[28] to constant 0
INFO: [Synth 8-3295] tying undriven pin trace_data_pipe[6]_inferred:in0[27] to constant 0
INFO: [Synth 8-3295] tying undriven pin trace_data_pipe[6]_inferred:in0[26] to constant 0
INFO: [Synth 8-3295] tying undriven pin trace_data_pipe[6]_inferred:in0[25] to constant 0
INFO: [Synth 8-3295] tying undriven pin trace_data_pipe[6]_inferred:in0[24] to constant 0
INFO: [Synth 8-3295] tying undriven pin trace_data_pipe[6]_inferred:in0[23] to constant 0
INFO: [Synth 8-3295] tying undriven pin trace_data_pipe[6]_inferred:in0[22] to constant 0
INFO: [Synth 8-3295] tying undriven pin trace_data_pipe[6]_inferred:in0[21] to constant 0
INFO: [Synth 8-3295] tying undriven pin trace_data_pipe[6]_inferred:in0[20] to constant 0
INFO: [Synth 8-3295] tying undriven pin trace_data_pipe[6]_inferred:in0[19] to constant 0
INFO: [Synth 8-3295] tying undriven pin trace_data_pipe[6]_inferred:in0[18] to constant 0
INFO: [Synth 8-3295] tying undriven pin trace_data_pipe[6]_inferred:in0[17] to constant 0
INFO: [Synth 8-3295] tying undriven pin trace_data_pipe[6]_inferred:in0[16] to constant 0
INFO: [Synth 8-3295] tying undriven pin trace_data_pipe[6]_inferred:in0[15] to constant 0
INFO: [Synth 8-3295] tying undriven pin trace_data_pipe[6]_inferred:in0[14] to constant 0
INFO: [Synth 8-3295] tying undriven pin trace_data_pipe[6]_inferred:in0[13] to constant 0
INFO: [Synth 8-3295] tying undriven pin trace_data_pipe[6]_inferred:in0[12] to constant 0
INFO: [Synth 8-3295] tying undriven pin trace_data_pipe[6]_inferred:in0[11] to constant 0
INFO: [Synth 8-3295] tying undriven pin trace_data_pipe[6]_inferred:in0[10] to constant 0
INFO: [Synth 8-3295] tying undriven pin trace_data_pipe[6]_inferred:in0[9] to constant 0
INFO: [Synth 8-3295] tying undriven pin trace_data_pipe[6]_inferred:in0[8] to constant 0
INFO: [Synth 8-3295] tying undriven pin trace_data_pipe[6]_inferred:in0[7] to constant 0
INFO: [Synth 8-3295] tying undriven pin trace_data_pipe[6]_inferred:in0[6] to constant 0
INFO: [Synth 8-3295] tying undriven pin trace_data_pipe[6]_inferred:in0[5] to constant 0
INFO: [Synth 8-3295] tying undriven pin trace_data_pipe[6]_inferred:in0[4] to constant 0
INFO: [Common 17-14] Message 'Synth 8-3295' appears 100 times and further instances of the messages will be disabled. Use the Tcl command set_msg_config to change the current settings.
---------------------------------------------------------------------------------
Finished IO Insertion : Time (s): cpu = 00:00:36 ; elapsed = 00:00:39 . Memory (MB): peak = 4553.914 ; gain = 2108.559 ; free physical = 7190 ; free virtual = 225492
---------------------------------------------------------------------------------
---------------------------------------------------------------------------------
Start Renaming Generated Instances
---------------------------------------------------------------------------------
---------------------------------------------------------------------------------
Finished Renaming Generated Instances : Time (s): cpu = 00:00:36 ; elapsed = 00:00:39 . Memory (MB): peak = 4553.914 ; gain = 2108.559 ; free physical = 7190 ; free virtual = 225492
---------------------------------------------------------------------------------
---------------------------------------------------------------------------------
Start Rebuilding User Hierarchy
---------------------------------------------------------------------------------
---------------------------------------------------------------------------------
Finished Rebuilding User Hierarchy : Time (s): cpu = 00:00:36 ; elapsed = 00:00:39 . Memory (MB): peak = 4553.914 ; gain = 2108.559 ; free physical = 7189 ; free virtual = 225491
---------------------------------------------------------------------------------
---------------------------------------------------------------------------------
Start Renaming Generated Ports
---------------------------------------------------------------------------------
---------------------------------------------------------------------------------
Finished Renaming Generated Ports : Time (s): cpu = 00:00:36 ; elapsed = 00:00:39 . Memory (MB): peak = 4553.914 ; gain = 2108.559 ; free physical = 7189 ; free virtual = 225491
---------------------------------------------------------------------------------
---------------------------------------------------------------------------------
Start Handling Custom Attributes
---------------------------------------------------------------------------------
---------------------------------------------------------------------------------
Finished Handling Custom Attributes : Time (s): cpu = 00:00:36 ; elapsed = 00:00:39 . Memory (MB): peak = 4553.914 ; gain = 2108.559 ; free physical = 7189 ; free virtual = 225491
---------------------------------------------------------------------------------
---------------------------------------------------------------------------------
Start Renaming Generated Nets
---------------------------------------------------------------------------------
---------------------------------------------------------------------------------
Finished Renaming Generated Nets : Time (s): cpu = 00:00:36 ; elapsed = 00:00:39 . Memory (MB): peak = 4553.914 ; gain = 2108.559 ; free physical = 7189 ; free virtual = 225491
---------------------------------------------------------------------------------
---------------------------------------------------------------------------------
Start Writing Synthesis Report
---------------------------------------------------------------------------------

Report BlackBoxes: 
+-+--------------+----------+
| |BlackBox name |Instances |
+-+--------------+----------+
+-+--------------+----------+

Report Cell Usage: 
+------+--------+------+
|      |Cell    |Count |
+------+--------+------+
|1     |BUFG_PS |     1|
|2     |LUT1    |   264|
|3     |PS8     |     1|
+------+--------+------+
---------------------------------------------------------------------------------
Finished Writing Synthesis Report : Time (s): cpu = 00:00:36 ; elapsed = 00:00:39 . Memory (MB): peak = 4553.914 ; gain = 2108.559 ; free physical = 7189 ; free virtual = 225491
---------------------------------------------------------------------------------
Synthesis finished with 0 errors, 0 critical warnings and 570 warnings.
Synthesis Optimization Runtime : Time (s): cpu = 00:00:29 ; elapsed = 00:00:33 . Memory (MB): peak = 4553.914 ; gain = 2033.559 ; free physical = 7187 ; free virtual = 225489
Synthesis Optimization Complete : Time (s): cpu = 00:00:36 ; elapsed = 00:00:40 . Memory (MB): peak = 4553.914 ; gain = 2108.559 ; free physical = 7187 ; free virtual = 225489
INFO: [Project 1-571] Translating synthesized netlist
Netlist sorting complete. Time (s): cpu = 00:00:00.02 ; elapsed = 00:00:00.02 . Memory (MB): peak = 4553.914 ; gain = 0.000 ; free physical = 7478 ; free virtual = 225780
INFO: [Project 1-570] Preparing netlist for logic optimization
INFO: [Opt 31-138] Pushed 0 inverter(s) to 0 load pin(s).
Netlist sorting complete. Time (s): cpu = 00:00:00 ; elapsed = 00:00:00 . Memory (MB): peak = 4553.914 ; gain = 0.000 ; free physical = 7774 ; free virtual = 226075
INFO: [Project 1-111] Unisim Transformation Summary:
No Unisim elements were transformed.

Synth Design complete | Checksum: 4900d422
INFO: [Common 17-83] Releasing license: Synthesis
131 Infos, 174 Warnings, 0 Critical Warnings and 0 Errors encountered.
synth_design completed successfully
synth_design: Time (s): cpu = 00:00:47 ; elapsed = 00:00:51 . Memory (MB): peak = 4553.914 ; gain = 3036.148 ; free physical = 7768 ; free virtual = 226070
INFO: [Common 17-2834] synth_design peak Physical Memory [PSS] (MB): overall = 3549.048; main = 3549.048; forked = 354.703
INFO: [Common 17-2834] synth_design peak Virtual Memory [VSS] (MB): overall = 4488.219; main = 4488.219; forked = 1030.238
INFO: [Common 17-1381] The checkpoint '/nas/ei/home/ge43set/PS-PL-DMA-LED-URAM/PS-PL-DMA-LED-URAM.runs/DMA_LED_zynq_ultra_ps_e_0_0_synth_1/DMA_LED_zynq_ultra_ps_e_0_0.dcp' has been generated.
INFO: [Coretcl 2-1648] Added synthesis output to IP cache for IP DMA_LED_zynq_ultra_ps_e_0_0, cache-ID = bd22d5152bb1c102
INFO: [Common 17-1381] The checkpoint '/nas/ei/home/ge43set/PS-PL-DMA-LED-URAM/PS-PL-DMA-LED-URAM.runs/DMA_LED_zynq_ultra_ps_e_0_0_synth_1/DMA_LED_zynq_ultra_ps_e_0_0.dcp' has been generated.
INFO: [Vivado 12-24828] Executing command : report_utilization -file DMA_LED_zynq_ultra_ps_e_0_0_utilization_synth.rpt -pb DMA_LED_zynq_ultra_ps_e_0_0_utilization_synth.pb
INFO: [Common 17-206] Exiting Vivado at Sat Aug 16 20:20:20 2025...
