TRACE::2025-08-22.16:05:19::SCWPlatform::Trying to open the hw design at /home/coppholl/TB_DMA/dtg_output_DMA/dtg_output_DMA/tb_DMA/hw/tb_DMA.xsa
TRACE::2025-08-22.16:05:19::SCWPlatform::DSA given /home/coppholl/TB_DMA/dtg_output_DMA/dtg_output_DMA/tb_DMA/hw/tb_DMA.xsa
TRACE::2025-08-22.16:05:19::SCWPlatform::DSA absoulate path /home/coppholl/TB_DMA/dtg_output_DMA/dtg_output_DMA/tb_DMA/hw/tb_DMA.xsa
TRACE::2025-08-22.16:05:19::SCWPlatform::DSA directory /home/coppholl/TB_DMA/dtg_output_DMA/dtg_output_DMA/tb_DMA/hw
TRACE::2025-08-22.16:05:19::SCWPlatform:: Platform Path /home/coppholl/TB_DMA/dtg_output_DMA/dtg_output_DMA/tb_DMA/hw/tb_DMA.xsa
TRACE::2025-08-22.16:05:19::SCWPlatform:: Unique name vendor:kr260_som:tb_DMA:1.0
TRACE::2025-08-22.16:05:19::SCWPlatform::Do not have an existing db opened. 
TRACE::2025-08-22.16:05:31::SCWPlatform::Opened new HwDB with name DMA_ADDER_wrapper_1
TRACE::2025-08-22.16:05:31::SCWWriter::formatted JSON is {
	"platformName":	"tb_DMA",
	"sprVersion":	"2.0",
	"mode":	"cmd",
	"dsaType":	"Expandable",
	"platformDesc":	"tb_DMA",
	"platHandOff":	"/home/coppholl/TB_DMA/./tb_DMA.xsa",
	"platIntHandOff":	"<platformDir>/hw/tb_DMA.xsa",
	"deviceType":	"zynqMP",
	"platIsPrebuiltAutogen":	"false",
	"platIsNoBootBsp":	"true",
	"hasFsblMakeHasChanges":	"false",
	"hasPmufwMakeHasChanges":	"false",
	"platPreBuiltFlag":	false,
	"platformSamplesDir":	""
}
TRACE::2025-08-22.16:05:31::SCWWriter::formatted JSON is {
	"platformName":	"tb_DMA",
	"sprVersion":	"2.0",
	"mode":	"cmd",
	"dsaType":	"Expandable",
	"platformDesc":	"tb_DMA",
	"platHandOff":	"/home/coppholl/TB_DMA/./tb_DMA.xsa",
	"platIntHandOff":	"<platformDir>/hw/tb_DMA.xsa",
	"deviceType":	"zynqMP",
	"platIsPrebuiltAutogen":	"false",
	"platIsNoBootBsp":	"true",
	"hasFsblMakeHasChanges":	"false",
	"hasPmufwMakeHasChanges":	"false",
	"platPreBuiltFlag":	false,
	"platformSamplesDir":	"",
	"platActiveSys":	"tb_DMA",
	"systems":	[{
			"systemName":	"tb_DMA",
			"systemDesc":	"tb_DMA",
			"sysIsBootAutoGen":	"true",
			"systemDispName":	"tb_DMA"
		}]
}
TRACE::2025-08-22.16:05:31::SCWPlatform::Trying to open the hw design at /home/coppholl/TB_DMA/dtg_output_DMA/dtg_output_DMA/tb_DMA/hw/tb_DMA.xsa
TRACE::2025-08-22.16:05:31::SCWPlatform::DSA given /home/coppholl/TB_DMA/dtg_output_DMA/dtg_output_DMA/tb_DMA/hw/tb_DMA.xsa
TRACE::2025-08-22.16:05:31::SCWPlatform::DSA absoulate path /home/coppholl/TB_DMA/dtg_output_DMA/dtg_output_DMA/tb_DMA/hw/tb_DMA.xsa
TRACE::2025-08-22.16:05:31::SCWPlatform::DSA directory /home/coppholl/TB_DMA/dtg_output_DMA/dtg_output_DMA/tb_DMA/hw
TRACE::2025-08-22.16:05:31::SCWPlatform:: Platform Path /home/coppholl/TB_DMA/dtg_output_DMA/dtg_output_DMA/tb_DMA/hw/tb_DMA.xsa
TRACE::2025-08-22.16:05:31::SCWPlatform:: Unique name vendor:kr260_som:tb_DMA:1.0
TRACE::2025-08-22.16:05:31::SCWPlatform::Trying to set the existing hwdb with name DMA_ADDER_wrapper_1
TRACE::2025-08-22.16:05:31::SCWPlatform::Opened existing hwdb DMA_ADDER_wrapper_1
TRACE::2025-08-22.16:05:31::SCWPlatform::Found the Hw Db part of the input DSA
TRACE::2025-08-22.16:05:31::SCWPlatform::Trying to open the hw design at /home/coppholl/TB_DMA/dtg_output_DMA/dtg_output_DMA/tb_DMA/hw/tb_DMA.xsa
TRACE::2025-08-22.16:05:31::SCWPlatform::DSA given /home/coppholl/TB_DMA/dtg_output_DMA/dtg_output_DMA/tb_DMA/hw/tb_DMA.xsa
TRACE::2025-08-22.16:05:31::SCWPlatform::DSA absoulate path /home/coppholl/TB_DMA/dtg_output_DMA/dtg_output_DMA/tb_DMA/hw/tb_DMA.xsa
TRACE::2025-08-22.16:05:31::SCWPlatform::DSA directory /home/coppholl/TB_DMA/dtg_output_DMA/dtg_output_DMA/tb_DMA/hw
TRACE::2025-08-22.16:05:31::SCWPlatform:: Platform Path /home/coppholl/TB_DMA/dtg_output_DMA/dtg_output_DMA/tb_DMA/hw/tb_DMA.xsa
TRACE::2025-08-22.16:05:31::SCWPlatform:: Unique name vendor:kr260_som:tb_DMA:1.0
TRACE::2025-08-22.16:05:31::SCWPlatform::Trying to set the existing hwdb with name DMA_ADDER_wrapper_1
TRACE::2025-08-22.16:05:31::SCWPlatform::Opened existing hwdb DMA_ADDER_wrapper_1
TRACE::2025-08-22.16:05:31::SCWPlatform::Found the Hw Db part of the input DSA
TRACE::2025-08-22.16:05:31::SCWPlatform::Trying to open the hw design at /home/coppholl/TB_DMA/dtg_output_DMA/dtg_output_DMA/tb_DMA/hw/tb_DMA.xsa
TRACE::2025-08-22.16:05:31::SCWPlatform::DSA given /home/coppholl/TB_DMA/dtg_output_DMA/dtg_output_DMA/tb_DMA/hw/tb_DMA.xsa
TRACE::2025-08-22.16:05:31::SCWPlatform::DSA absoulate path /home/coppholl/TB_DMA/dtg_output_DMA/dtg_output_DMA/tb_DMA/hw/tb_DMA.xsa
TRACE::2025-08-22.16:05:31::SCWPlatform::DSA directory /home/coppholl/TB_DMA/dtg_output_DMA/dtg_output_DMA/tb_DMA/hw
TRACE::2025-08-22.16:05:31::SCWPlatform:: Platform Path /home/coppholl/TB_DMA/dtg_output_DMA/dtg_output_DMA/tb_DMA/hw/tb_DMA.xsa
TRACE::2025-08-22.16:05:31::SCWPlatform:: Unique name vendor:kr260_som:tb_DMA:1.0
TRACE::2025-08-22.16:05:31::SCWPlatform::Trying to set the existing hwdb with name DMA_ADDER_wrapper_1
TRACE::2025-08-22.16:05:31::SCWPlatform::Opened existing hwdb DMA_ADDER_wrapper_1
TRACE::2025-08-22.16:05:31::SCWPlatform::Found the Hw Db part of the input DSA
TRACE::2025-08-22.16:05:31::SCWDomain::checking for install qemu data   : 
TRACE::2025-08-22.16:05:31::SCWDomain:: Using the QEMU Data from install at  : /home/coppholl/Xilinx/Vitis/2024.1/data/emulation/platforms/zynqmp/sw/a53_standalone/qemu/
TRACE::2025-08-22.16:05:31::SCWDomain:: Using the QEMU args  from install at  : /home/coppholl/Xilinx/Vitis/2024.1/data/emulation/platforms/zynqmp/sw/a53_standalone/qemu/qemu_args.txt
TRACE::2025-08-22.16:05:31::SCWDomain:: Using the PMUQEMU args from install at  : /home/coppholl/Xilinx/Vitis/2024.1/data/emulation/platforms/zynqmp/sw/a53_standalone/qemu/pmu_args.txt
TRACE::2025-08-22.16:05:31::SCWPlatform::Trying to open the hw design at /home/coppholl/TB_DMA/dtg_output_DMA/dtg_output_DMA/tb_DMA/hw/tb_DMA.xsa
TRACE::2025-08-22.16:05:31::SCWPlatform::DSA given /home/coppholl/TB_DMA/dtg_output_DMA/dtg_output_DMA/tb_DMA/hw/tb_DMA.xsa
TRACE::2025-08-22.16:05:31::SCWPlatform::DSA absoulate path /home/coppholl/TB_DMA/dtg_output_DMA/dtg_output_DMA/tb_DMA/hw/tb_DMA.xsa
TRACE::2025-08-22.16:05:31::SCWPlatform::DSA directory /home/coppholl/TB_DMA/dtg_output_DMA/dtg_output_DMA/tb_DMA/hw
TRACE::2025-08-22.16:05:31::SCWPlatform:: Platform Path /home/coppholl/TB_DMA/dtg_output_DMA/dtg_output_DMA/tb_DMA/hw/tb_DMA.xsa
TRACE::2025-08-22.16:05:31::SCWPlatform:: Unique name vendor:kr260_som:tb_DMA:1.0
TRACE::2025-08-22.16:05:31::SCWPlatform::Trying to set the existing hwdb with name DMA_ADDER_wrapper_1
TRACE::2025-08-22.16:05:31::SCWPlatform::Opened existing hwdb DMA_ADDER_wrapper_1
TRACE::2025-08-22.16:05:31::SCWPlatform::Found the Hw Db part of the input DSA
TRACE::2025-08-22.16:05:31::SCWPlatform::Trying to open the hw design at /home/coppholl/TB_DMA/dtg_output_DMA/dtg_output_DMA/tb_DMA/hw/tb_DMA.xsa
TRACE::2025-08-22.16:05:31::SCWPlatform::DSA given /home/coppholl/TB_DMA/dtg_output_DMA/dtg_output_DMA/tb_DMA/hw/tb_DMA.xsa
TRACE::2025-08-22.16:05:31::SCWPlatform::DSA absoulate path /home/coppholl/TB_DMA/dtg_output_DMA/dtg_output_DMA/tb_DMA/hw/tb_DMA.xsa
TRACE::2025-08-22.16:05:31::SCWPlatform::DSA directory /home/coppholl/TB_DMA/dtg_output_DMA/dtg_output_DMA/tb_DMA/hw
TRACE::2025-08-22.16:05:31::SCWPlatform:: Platform Path /home/coppholl/TB_DMA/dtg_output_DMA/dtg_output_DMA/tb_DMA/hw/tb_DMA.xsa
TRACE::2025-08-22.16:05:31::SCWPlatform:: Unique name vendor:kr260_som:tb_DMA:1.0
TRACE::2025-08-22.16:05:31::SCWPlatform::Trying to set the existing hwdb with name DMA_ADDER_wrapper_1
TRACE::2025-08-22.16:05:31::SCWPlatform::Opened existing hwdb DMA_ADDER_wrapper_1
TRACE::2025-08-22.16:05:31::SCWPlatform::Found the Hw Db part of the input DSA
TRACE::2025-08-22.16:05:31::SCWDomain::Qemu Directory name is changed from "" to "qemu"
TRACE::2025-08-22.16:05:31::SCWPlatform::Trying to open the hw design at /home/coppholl/TB_DMA/dtg_output_DMA/dtg_output_DMA/tb_DMA/hw/tb_DMA.xsa
TRACE::2025-08-22.16:05:31::SCWPlatform::DSA given /home/coppholl/TB_DMA/dtg_output_DMA/dtg_output_DMA/tb_DMA/hw/tb_DMA.xsa
TRACE::2025-08-22.16:05:31::SCWPlatform::DSA absoulate path /home/coppholl/TB_DMA/dtg_output_DMA/dtg_output_DMA/tb_DMA/hw/tb_DMA.xsa
TRACE::2025-08-22.16:05:31::SCWPlatform::DSA directory /home/coppholl/TB_DMA/dtg_output_DMA/dtg_output_DMA/tb_DMA/hw
TRACE::2025-08-22.16:05:31::SCWPlatform:: Platform Path /home/coppholl/TB_DMA/dtg_output_DMA/dtg_output_DMA/tb_DMA/hw/tb_DMA.xsa
TRACE::2025-08-22.16:05:31::SCWPlatform:: Unique name vendor:kr260_som:tb_DMA:1.0
TRACE::2025-08-22.16:05:31::SCWPlatform::Trying to set the existing hwdb with name DMA_ADDER_wrapper_1
TRACE::2025-08-22.16:05:31::SCWPlatform::Opened existing hwdb DMA_ADDER_wrapper_1
TRACE::2025-08-22.16:05:31::SCWPlatform::Found the Hw Db part of the input DSA
TRACE::2025-08-22.16:05:31::SCWMssOS::Checking the sw design at  /home/coppholl/TB_DMA/dtg_output_DMA/dtg_output_DMA/tb_DMA/psu_cortexa53_0/device_tree_domain/bsp/system.mss
TRACE::2025-08-22.16:05:31::SCWMssOS::DEBUG:  swdes dump  
TRACE::2025-08-22.16:05:31::SCWMssOS::No sw design opened at  /home/coppholl/TB_DMA/dtg_output_DMA/dtg_output_DMA/tb_DMA/psu_cortexa53_0/device_tree_domain/bsp/system.mss
TRACE::2025-08-22.16:05:31::SCWMssOS::mss does not exists at /home/coppholl/TB_DMA/dtg_output_DMA/dtg_output_DMA/tb_DMA/psu_cortexa53_0/device_tree_domain/bsp/system.mss
TRACE::2025-08-22.16:05:31::SCWMssOS::Creating sw design at  /home/coppholl/TB_DMA/dtg_output_DMA/dtg_output_DMA/tb_DMA/psu_cortexa53_0/device_tree_domain/bsp/system.mss
TRACE::2025-08-22.16:05:31::SCWMssOS::Adding the swdes entry, created swdb /home/coppholl/TB_DMA/dtg_output_DMA/dtg_output_DMA/tb_DMA/psu_cortexa53_0/device_tree_domain/bsp/system.mss with des name /home/coppholl/TB_DMA/dtg_output_DMA/dtg_output_DMA/tb_DMA/psu_cortexa53_0/device_tree_domain/bsp/system.mss
TRACE::2025-08-22.16:05:31::SCWMssOS::updating the scw layer changes to swdes at   /home/coppholl/TB_DMA/dtg_output_DMA/dtg_output_DMA/tb_DMA/psu_cortexa53_0/device_tree_domain/bsp/system.mss
TRACE::2025-08-22.16:05:31::SCWMssOS::Writing mss at /home/coppholl/TB_DMA/dtg_output_DMA/dtg_output_DMA/tb_DMA/psu_cortexa53_0/device_tree_domain/bsp/system.mss
TRACE::2025-08-22.16:05:31::SCWMssOS::Completed writing the mss file at /home/coppholl/TB_DMA/dtg_output_DMA/dtg_output_DMA/tb_DMA/psu_cortexa53_0/device_tree_domain/bsp
TRACE::2025-08-22.16:05:31::SCWMssOS::Picking up changes from newly written mss file into SCW Layer. 
TRACE::2025-08-22.16:05:31::SCWMssOS::Updated the changes from newly written mss file into SCW Layer. 
TRACE::2025-08-22.16:05:31::SCWMssOS::Completed writing the mss file at /home/coppholl/TB_DMA/dtg_output_DMA/dtg_output_DMA/tb_DMA/psu_cortexa53_0/device_tree_domain/bsp
TRACE::2025-08-22.16:05:31::SCWMssOS::Forcing BSP Sources regeneration.
TRACE::2025-08-22.16:05:47::SCWMssOS::Saving the mss changes /home/coppholl/TB_DMA/dtg_output_DMA/dtg_output_DMA/tb_DMA/psu_cortexa53_0/device_tree_domain/bsp/system.mss
TRACE::2025-08-22.16:05:47::SCWMssOS::Adding the swdes entry, mss present, able to open swdb /home/coppholl/TB_DMA/dtg_output_DMA/dtg_output_DMA/tb_DMA/psu_cortexa53_0/device_tree_domain/bsp/system.mss with des name system
TRACE::2025-08-22.16:05:47::SCWMssOS::Writing the mss file completed /home/coppholl/TB_DMA/dtg_output_DMA/dtg_output_DMA/tb_DMA/psu_cortexa53_0/device_tree_domain/bsp/system.mss
TRACE::2025-08-22.16:05:47::SCWMssOS::Commit changes completed.
TRACE::2025-08-22.16:05:47::SCWPlatform::Trying to open the hw design at /home/coppholl/TB_DMA/dtg_output_DMA/dtg_output_DMA/tb_DMA/hw/tb_DMA.xsa
TRACE::2025-08-22.16:05:47::SCWPlatform::DSA given /home/coppholl/TB_DMA/dtg_output_DMA/dtg_output_DMA/tb_DMA/hw/tb_DMA.xsa
TRACE::2025-08-22.16:05:47::SCWPlatform::DSA absoulate path /home/coppholl/TB_DMA/dtg_output_DMA/dtg_output_DMA/tb_DMA/hw/tb_DMA.xsa
TRACE::2025-08-22.16:05:47::SCWPlatform::DSA directory /home/coppholl/TB_DMA/dtg_output_DMA/dtg_output_DMA/tb_DMA/hw
TRACE::2025-08-22.16:05:47::SCWPlatform:: Platform Path /home/coppholl/TB_DMA/dtg_output_DMA/dtg_output_DMA/tb_DMA/hw/tb_DMA.xsa
TRACE::2025-08-22.16:05:47::SCWPlatform:: Unique name vendor:kr260_som:tb_DMA:1.0
TRACE::2025-08-22.16:05:47::SCWPlatform::Trying to set the existing hwdb with name DMA_ADDER_wrapper_1
TRACE::2025-08-22.16:05:47::SCWPlatform::Opened existing hwdb DMA_ADDER_wrapper_1
TRACE::2025-08-22.16:05:47::SCWPlatform::Found the Hw Db part of the input DSA
TRACE::2025-08-22.16:05:47::SCWMssOS::Checking the sw design at  /home/coppholl/TB_DMA/dtg_output_DMA/dtg_output_DMA/tb_DMA/psu_cortexa53_0/device_tree_domain/bsp/system.mss
TRACE::2025-08-22.16:05:47::SCWMssOS::DEBUG:  swdes dump  /home/coppholl/TB_DMA/dtg_output_DMA/dtg_output_DMA/tb_DMA/psu_cortexa53_0/device_tree_domain/bsp/system.mss|system||

TRACE::2025-08-22.16:05:47::SCWMssOS::Sw design exists and opened at  /home/coppholl/TB_DMA/dtg_output_DMA/dtg_output_DMA/tb_DMA/psu_cortexa53_0/device_tree_domain/bsp/system.mss
TRACE::2025-08-22.16:05:47::SCWPlatform::Trying to open the hw design at /home/coppholl/TB_DMA/dtg_output_DMA/dtg_output_DMA/tb_DMA/hw/tb_DMA.xsa
TRACE::2025-08-22.16:05:47::SCWPlatform::DSA given /home/coppholl/TB_DMA/dtg_output_DMA/dtg_output_DMA/tb_DMA/hw/tb_DMA.xsa
TRACE::2025-08-22.16:05:47::SCWPlatform::DSA absoulate path /home/coppholl/TB_DMA/dtg_output_DMA/dtg_output_DMA/tb_DMA/hw/tb_DMA.xsa
TRACE::2025-08-22.16:05:47::SCWPlatform::DSA directory /home/coppholl/TB_DMA/dtg_output_DMA/dtg_output_DMA/tb_DMA/hw
TRACE::2025-08-22.16:05:47::SCWPlatform:: Platform Path /home/coppholl/TB_DMA/dtg_output_DMA/dtg_output_DMA/tb_DMA/hw/tb_DMA.xsa
TRACE::2025-08-22.16:05:47::SCWPlatform:: Unique name vendor:kr260_som:tb_DMA:1.0
TRACE::2025-08-22.16:05:47::SCWPlatform::Trying to set the existing hwdb with name DMA_ADDER_wrapper_1
TRACE::2025-08-22.16:05:47::SCWPlatform::Opened existing hwdb DMA_ADDER_wrapper_1
TRACE::2025-08-22.16:05:47::SCWPlatform::Found the Hw Db part of the input DSA
TRACE::2025-08-22.16:05:47::SCWMssOS::Checking the sw design at  /home/coppholl/TB_DMA/dtg_output_DMA/dtg_output_DMA/tb_DMA/psu_cortexa53_0/device_tree_domain/bsp/system.mss
TRACE::2025-08-22.16:05:47::SCWMssOS::DEBUG:  swdes dump  /home/coppholl/TB_DMA/dtg_output_DMA/dtg_output_DMA/tb_DMA/psu_cortexa53_0/device_tree_domain/bsp/system.mss|system||

TRACE::2025-08-22.16:05:47::SCWMssOS::Sw design exists and opened at  /home/coppholl/TB_DMA/dtg_output_DMA/dtg_output_DMA/tb_DMA/psu_cortexa53_0/device_tree_domain/bsp/system.mss
TRACE::2025-08-22.16:05:47::SCWWriter::formatted JSON is {
	"platformName":	"tb_DMA",
	"sprVersion":	"2.0",
	"mode":	"cmd",
	"dsaType":	"Expandable",
	"platformDesc":	"tb_DMA",
	"platHandOff":	"/home/coppholl/TB_DMA/./tb_DMA.xsa",
	"platIntHandOff":	"<platformDir>/hw/tb_DMA.xsa",
	"deviceType":	"zynqMP",
	"platIsPrebuiltAutogen":	"false",
	"platIsNoBootBsp":	"true",
	"hasFsblMakeHasChanges":	"false",
	"hasPmufwMakeHasChanges":	"false",
	"platPreBuiltFlag":	false,
	"platformSamplesDir":	"",
	"platActiveSys":	"tb_DMA",
	"systems":	[{
			"systemName":	"tb_DMA",
			"systemDesc":	"tb_DMA",
			"sysIsBootAutoGen":	"true",
			"systemDispName":	"tb_DMA",
			"sysActiveDom":	"device_tree_domain",
			"sysDefaultDom":	"device_tree_domain",
			"domains":	[{
					"domainName":	"device_tree_domain",
					"domainDispName":	"device_tree_domain",
					"domainDesc":	"device_tree_domain",
					"processors":	"psu_cortexa53_0",
					"os":	"device_tree",
					"sdxOs":	"device_tree",
					"qemuArgs":	"<platformDir>/resources/tb_DMA/device_tree_domain/qemu_args.txt",
					"qemuData":	"<platformDir>/resources/tb_DMA/device_tree_domain/qemu",
					"pmuQemuArgs":	"<platformDir>/resources/tb_DMA/device_tree_domain/pmu_args.txt",
					"debugEnable":	"False",
					"domRuntimes":	["cpp"],
					"swRepo":	"",
					"mssFile":	"",
					"md5Digest":	"a55f2fdc7f879f86835868afa0de62b6",
					"compatibleApp":	"",
					"domType":	"mssDomain",
					"appSettings":	{
						"appCompilerFlags":	"",
						"appLinkerFlags":	""
					},
					"addedLibs":	[],
					"libOptions":	{
						"libsContainingOptions":	[]
					},
					"prebuiltLibs":	{
						"prebuiltIncPath":	[],
						"prebuiltLibPath":	[]
					},
					"isolation":	{
					}
				}]
		}]
}
LOG::2025-08-22.16:05:47::SCWPlatform::Started generating the artifacts platform tb_DMA
TRACE::2025-08-22.16:05:47::SCWPlatform::Sanity checking of platform is completed
LOG::2025-08-22.16:05:47::SCWPlatform::Started generating the artifacts for system configuration tb_DMA
LOG::2025-08-22.16:05:47::SCWSystem::Checking the domain device_tree_domain
LOG::2025-08-22.16:05:47::SCWSystem::Not a boot domain 
LOG::2025-08-22.16:05:47::SCWSystem::Started Processing the domain device_tree_domain
TRACE::2025-08-22.16:05:47::SCWDomain::Generating domain artifcats
TRACE::2025-08-22.16:05:47::SCWMssOS::Generating standalone artifcats
TRACE::2025-08-22.16:05:47::SCWMssOS::Copying the qemu file from  /home/coppholl/TB_DMA/dtg_output_DMA/dtg_output_DMA/tb_DMA/resources/tb_DMA/device_tree_domain/qemu_args.txt To /home/coppholl/TB_DMA/dtg_output_DMA/dtg_output_DMA/tb_DMA/export/tb_DMA/sw/tb_DMA/qemu/
TRACE::2025-08-22.16:05:47::SCWMssOS::Copying the qemu file from  /home/coppholl/TB_DMA/dtg_output_DMA/dtg_output_DMA/tb_DMA/resources/tb_DMA/device_tree_domain/qemu_args.txt To /home/coppholl/TB_DMA/dtg_output_DMA/dtg_output_DMA/tb_DMA/export/tb_DMA/sw/tb_DMA/qemu/
TRACE::2025-08-22.16:05:47::SCWMssOS::Copying the qemu file from  /home/coppholl/TB_DMA/dtg_output_DMA/dtg_output_DMA/tb_DMA/resources/tb_DMA/device_tree_domain/qemu_args.txt To /home/coppholl/TB_DMA/dtg_output_DMA/dtg_output_DMA/tb_DMA/export/tb_DMA/sw/tb_DMA/device_tree_domain/qemu/
TRACE::2025-08-22.16:05:47::SCWMssOS::Copying the qemu file from  /home/coppholl/TB_DMA/dtg_output_DMA/dtg_output_DMA/tb_DMA/resources/tb_DMA/device_tree_domain/qemu_args.txt To /home/coppholl/TB_DMA/dtg_output_DMA/dtg_output_DMA/tb_DMA/export/tb_DMA/sw/tb_DMA/device_tree_domain/qemu/
TRACE::2025-08-22.16:05:47::SCWMssOS:: Copying the user libraries. 
TRACE::2025-08-22.16:05:47::SCWPlatform::Trying to open the hw design at /home/coppholl/TB_DMA/dtg_output_DMA/dtg_output_DMA/tb_DMA/hw/tb_DMA.xsa
TRACE::2025-08-22.16:05:47::SCWPlatform::DSA given /home/coppholl/TB_DMA/dtg_output_DMA/dtg_output_DMA/tb_DMA/hw/tb_DMA.xsa
TRACE::2025-08-22.16:05:47::SCWPlatform::DSA absoulate path /home/coppholl/TB_DMA/dtg_output_DMA/dtg_output_DMA/tb_DMA/hw/tb_DMA.xsa
TRACE::2025-08-22.16:05:47::SCWPlatform::DSA directory /home/coppholl/TB_DMA/dtg_output_DMA/dtg_output_DMA/tb_DMA/hw
TRACE::2025-08-22.16:05:47::SCWPlatform:: Platform Path /home/coppholl/TB_DMA/dtg_output_DMA/dtg_output_DMA/tb_DMA/hw/tb_DMA.xsa
TRACE::2025-08-22.16:05:47::SCWPlatform:: Unique name vendor:kr260_som:tb_DMA:1.0
TRACE::2025-08-22.16:05:47::SCWPlatform::Trying to set the existing hwdb with name DMA_ADDER_wrapper_1
TRACE::2025-08-22.16:05:47::SCWPlatform::Opened existing hwdb DMA_ADDER_wrapper_1
TRACE::2025-08-22.16:05:47::SCWPlatform::Found the Hw Db part of the input DSA
TRACE::2025-08-22.16:05:47::SCWMssOS::Checking the sw design at  /home/coppholl/TB_DMA/dtg_output_DMA/dtg_output_DMA/tb_DMA/psu_cortexa53_0/device_tree_domain/bsp/system.mss
TRACE::2025-08-22.16:05:47::SCWMssOS::DEBUG:  swdes dump  /home/coppholl/TB_DMA/dtg_output_DMA/dtg_output_DMA/tb_DMA/psu_cortexa53_0/device_tree_domain/bsp/system.mss|system||

TRACE::2025-08-22.16:05:47::SCWMssOS::Sw design exists and opened at  /home/coppholl/TB_DMA/dtg_output_DMA/dtg_output_DMA/tb_DMA/psu_cortexa53_0/device_tree_domain/bsp/system.mss
TRACE::2025-08-22.16:05:47::SCWMssOS::Completed writing the mss file at /home/coppholl/TB_DMA/dtg_output_DMA/dtg_output_DMA/tb_DMA/psu_cortexa53_0/device_tree_domain/bsp
TRACE::2025-08-22.16:05:47::SCWMssOS::Mss edits present, copying mssfile into export location /home/coppholl/TB_DMA/dtg_output_DMA/dtg_output_DMA/tb_DMA/psu_cortexa53_0/device_tree_domain/bsp/system.mss
TRACE::2025-08-22.16:05:47::SCWMssOS::bsp generated is upto date with the mss file. Skipping bsp generation.
TRACE::2025-08-22.16:05:47::SCWMssOS::BSP is already built. skipping the bsp build ... 
TRACE::2025-08-22.16:05:47::SCWDomain::Skipping the build for domain :  device_tree_domain
TRACE::2025-08-22.16:05:47::SCWMssOS::skipping the bsp build ... 
TRACE::2025-08-22.16:05:47::SCWMssOS::Copying to export directory.
TRACE::2025-08-22.16:05:47::SCWMssOS:: Checking if to create the Supporting Applications
TRACE::2025-08-22.16:05:47::SCWMssOS:: No Linux domain exists, trying to generate FSBL 
TRACE::2025-08-22.16:05:47::SCWMssOS:: Completed Standalone Artifacts creation 
LOG::2025-08-22.16:05:47::SCWSystem::Completed Processing the domain device_tree_domain
LOG::2025-08-22.16:05:47::SCWSystem::Completed Processing the sysconfig tb_DMA
LOG::2025-08-22.16:05:47::SCWPlatform::Completed generating the artifacts for system configuration tb_DMA
TRACE::2025-08-22.16:05:47::SCWPlatform::Started preparing the platform 
TRACE::2025-08-22.16:05:47::SCWSystem::Writing the bif file for system config tb_DMA
TRACE::2025-08-22.16:05:47::SCWSystem::dir created 
TRACE::2025-08-22.16:05:47::SCWSystem::Writing the bif 
TRACE::2025-08-22.16:05:47::SCWPlatform::Started writing the spfm file 
TRACE::2025-08-22.16:05:47::SCWPlatform::Started writing the xpfm file 
TRACE::2025-08-22.16:05:47::SCWPlatform::Completed generating the platform
TRACE::2025-08-22.16:05:47::SCWMssOS::Saving the mss changes /home/coppholl/TB_DMA/dtg_output_DMA/dtg_output_DMA/tb_DMA/psu_cortexa53_0/device_tree_domain/bsp/system.mss
TRACE::2025-08-22.16:05:47::SCWMssOS::Found a swdesign opened with the mssfile.
TRACE::2025-08-22.16:05:47::SCWMssOS::Completed writemss as part of save.
TRACE::2025-08-22.16:05:47::SCWMssOS::Commit changes completed.
TRACE::2025-08-22.16:05:47::SCWPlatform::Trying to open the hw design at /home/coppholl/TB_DMA/dtg_output_DMA/dtg_output_DMA/tb_DMA/hw/tb_DMA.xsa
TRACE::2025-08-22.16:05:47::SCWPlatform::DSA given /home/coppholl/TB_DMA/dtg_output_DMA/dtg_output_DMA/tb_DMA/hw/tb_DMA.xsa
TRACE::2025-08-22.16:05:47::SCWPlatform::DSA absoulate path /home/coppholl/TB_DMA/dtg_output_DMA/dtg_output_DMA/tb_DMA/hw/tb_DMA.xsa
TRACE::2025-08-22.16:05:47::SCWPlatform::DSA directory /home/coppholl/TB_DMA/dtg_output_DMA/dtg_output_DMA/tb_DMA/hw
TRACE::2025-08-22.16:05:47::SCWPlatform:: Platform Path /home/coppholl/TB_DMA/dtg_output_DMA/dtg_output_DMA/tb_DMA/hw/tb_DMA.xsa
TRACE::2025-08-22.16:05:47::SCWPlatform:: Unique name vendor:kr260_som:tb_DMA:1.0
TRACE::2025-08-22.16:05:47::SCWPlatform::Trying to set the existing hwdb with name DMA_ADDER_wrapper_1
TRACE::2025-08-22.16:05:47::SCWPlatform::Opened existing hwdb DMA_ADDER_wrapper_1
TRACE::2025-08-22.16:05:47::SCWPlatform::Found the Hw Db part of the input DSA
TRACE::2025-08-22.16:05:47::SCWMssOS::Checking the sw design at  /home/coppholl/TB_DMA/dtg_output_DMA/dtg_output_DMA/tb_DMA/psu_cortexa53_0/device_tree_domain/bsp/system.mss
TRACE::2025-08-22.16:05:47::SCWMssOS::DEBUG:  swdes dump  /home/coppholl/TB_DMA/dtg_output_DMA/dtg_output_DMA/tb_DMA/psu_cortexa53_0/device_tree_domain/bsp/system.mss|system||

TRACE::2025-08-22.16:05:47::SCWMssOS::Sw design exists and opened at  /home/coppholl/TB_DMA/dtg_output_DMA/dtg_output_DMA/tb_DMA/psu_cortexa53_0/device_tree_domain/bsp/system.mss
TRACE::2025-08-22.16:05:47::SCWPlatform::Trying to open the hw design at /home/coppholl/TB_DMA/dtg_output_DMA/dtg_output_DMA/tb_DMA/hw/tb_DMA.xsa
TRACE::2025-08-22.16:05:47::SCWPlatform::DSA given /home/coppholl/TB_DMA/dtg_output_DMA/dtg_output_DMA/tb_DMA/hw/tb_DMA.xsa
TRACE::2025-08-22.16:05:47::SCWPlatform::DSA absoulate path /home/coppholl/TB_DMA/dtg_output_DMA/dtg_output_DMA/tb_DMA/hw/tb_DMA.xsa
TRACE::2025-08-22.16:05:47::SCWPlatform::DSA directory /home/coppholl/TB_DMA/dtg_output_DMA/dtg_output_DMA/tb_DMA/hw
TRACE::2025-08-22.16:05:47::SCWPlatform:: Platform Path /home/coppholl/TB_DMA/dtg_output_DMA/dtg_output_DMA/tb_DMA/hw/tb_DMA.xsa
TRACE::2025-08-22.16:05:47::SCWPlatform:: Unique name vendor:kr260_som:tb_DMA:1.0
TRACE::2025-08-22.16:05:47::SCWPlatform::Trying to set the existing hwdb with name DMA_ADDER_wrapper_1
TRACE::2025-08-22.16:05:47::SCWPlatform::Opened existing hwdb DMA_ADDER_wrapper_1
TRACE::2025-08-22.16:05:47::SCWPlatform::Found the Hw Db part of the input DSA
TRACE::2025-08-22.16:05:47::SCWMssOS::Checking the sw design at  /home/coppholl/TB_DMA/dtg_output_DMA/dtg_output_DMA/tb_DMA/psu_cortexa53_0/device_tree_domain/bsp/system.mss
TRACE::2025-08-22.16:05:47::SCWMssOS::DEBUG:  swdes dump  /home/coppholl/TB_DMA/dtg_output_DMA/dtg_output_DMA/tb_DMA/psu_cortexa53_0/device_tree_domain/bsp/system.mss|system||

TRACE::2025-08-22.16:05:47::SCWMssOS::Sw design exists and opened at  /home/coppholl/TB_DMA/dtg_output_DMA/dtg_output_DMA/tb_DMA/psu_cortexa53_0/device_tree_domain/bsp/system.mss
TRACE::2025-08-22.16:05:47::SCWWriter::formatted JSON is {
	"platformName":	"tb_DMA",
	"sprVersion":	"2.0",
	"mode":	"cmd",
	"dsaType":	"Expandable",
	"platformDesc":	"tb_DMA",
	"platHandOff":	"/home/coppholl/TB_DMA/./tb_DMA.xsa",
	"platIntHandOff":	"<platformDir>/hw/tb_DMA.xsa",
	"deviceType":	"zynqMP",
	"platIsPrebuiltAutogen":	"false",
	"platIsNoBootBsp":	"true",
	"hasFsblMakeHasChanges":	"false",
	"hasPmufwMakeHasChanges":	"false",
	"platPreBuiltFlag":	false,
	"platformSamplesDir":	"",
	"platActiveSys":	"tb_DMA",
	"systems":	[{
			"systemName":	"tb_DMA",
			"systemDesc":	"tb_DMA",
			"sysIsBootAutoGen":	"true",
			"systemDispName":	"tb_DMA",
			"sysActiveDom":	"device_tree_domain",
			"sysDefaultDom":	"device_tree_domain",
			"domains":	[{
					"domainName":	"device_tree_domain",
					"domainDispName":	"device_tree_domain",
					"domainDesc":	"device_tree_domain",
					"processors":	"psu_cortexa53_0",
					"os":	"device_tree",
					"sdxOs":	"device_tree",
					"qemuArgs":	"<platformDir>/resources/tb_DMA/device_tree_domain/qemu_args.txt",
					"qemuData":	"<platformDir>/resources/tb_DMA/device_tree_domain/qemu",
					"pmuQemuArgs":	"<platformDir>/resources/tb_DMA/device_tree_domain/pmu_args.txt",
					"debugEnable":	"False",
					"domRuntimes":	["cpp"],
					"swRepo":	"",
					"mssFile":	"",
					"md5Digest":	"a55f2fdc7f879f86835868afa0de62b6",
					"compatibleApp":	"",
					"domType":	"mssDomain",
					"appSettings":	{
						"appCompilerFlags":	"",
						"appLinkerFlags":	""
					},
					"addedLibs":	[],
					"libOptions":	{
						"libsContainingOptions":	[]
					},
					"prebuiltLibs":	{
						"prebuiltIncPath":	[],
						"prebuiltLibPath":	[]
					},
					"isolation":	{
					}
				}]
		}]
}
KEYINFO::2025-08-22.16:05:47::SCWPlatform::updated the xpfm file.
TRACE::2025-08-22.16:05:47::SCWPlatform::Trying to open the hw design at /home/coppholl/TB_DMA/dtg_output_DMA/dtg_output_DMA/tb_DMA/hw/tb_DMA.xsa
TRACE::2025-08-22.16:05:47::SCWPlatform::DSA given /home/coppholl/TB_DMA/dtg_output_DMA/dtg_output_DMA/tb_DMA/hw/tb_DMA.xsa
TRACE::2025-08-22.16:05:47::SCWPlatform::DSA absoulate path /home/coppholl/TB_DMA/dtg_output_DMA/dtg_output_DMA/tb_DMA/hw/tb_DMA.xsa
TRACE::2025-08-22.16:05:47::SCWPlatform::DSA directory /home/coppholl/TB_DMA/dtg_output_DMA/dtg_output_DMA/tb_DMA/hw
TRACE::2025-08-22.16:05:47::SCWPlatform:: Platform Path /home/coppholl/TB_DMA/dtg_output_DMA/dtg_output_DMA/tb_DMA/hw/tb_DMA.xsa
TRACE::2025-08-22.16:05:47::SCWPlatform:: Unique name vendor:kr260_som:tb_DMA:1.0
TRACE::2025-08-22.16:05:47::SCWPlatform::Trying to set the existing hwdb with name DMA_ADDER_wrapper_1
TRACE::2025-08-22.16:05:47::SCWPlatform::Opened existing hwdb DMA_ADDER_wrapper_1
TRACE::2025-08-22.16:05:47::SCWPlatform::Found the Hw Db part of the input DSA
TRACE::2025-08-22.16:05:47::SCWMssOS::Checking the sw design at  /home/coppholl/TB_DMA/dtg_output_DMA/dtg_output_DMA/tb_DMA/psu_cortexa53_0/device_tree_domain/bsp/system.mss
TRACE::2025-08-22.16:05:47::SCWMssOS::DEBUG:  swdes dump  /home/coppholl/TB_DMA/dtg_output_DMA/dtg_output_DMA/tb_DMA/psu_cortexa53_0/device_tree_domain/bsp/system.mss|system||

TRACE::2025-08-22.16:05:47::SCWMssOS::Sw design exists and opened at  /home/coppholl/TB_DMA/dtg_output_DMA/dtg_output_DMA/tb_DMA/psu_cortexa53_0/device_tree_domain/bsp/system.mss
TRACE::2025-08-22.16:05:47::SCWMssOS::Saving the mss changes /home/coppholl/TB_DMA/dtg_output_DMA/dtg_output_DMA/tb_DMA/psu_cortexa53_0/device_tree_domain/bsp/system.mss
TRACE::2025-08-22.16:05:47::SCWMssOS::Found a swdesign opened with the mssfile.
TRACE::2025-08-22.16:05:47::SCWMssOS::Completed writemss as part of save.
TRACE::2025-08-22.16:05:47::SCWMssOS::Commit changes completed.
TRACE::2025-08-22.16:05:47::SCWPlatform::Trying to open the hw design at /home/coppholl/TB_DMA/dtg_output_DMA/dtg_output_DMA/tb_DMA/hw/tb_DMA.xsa
TRACE::2025-08-22.16:05:47::SCWPlatform::DSA given /home/coppholl/TB_DMA/dtg_output_DMA/dtg_output_DMA/tb_DMA/hw/tb_DMA.xsa
TRACE::2025-08-22.16:05:47::SCWPlatform::DSA absoulate path /home/coppholl/TB_DMA/dtg_output_DMA/dtg_output_DMA/tb_DMA/hw/tb_DMA.xsa
TRACE::2025-08-22.16:05:47::SCWPlatform::DSA directory /home/coppholl/TB_DMA/dtg_output_DMA/dtg_output_DMA/tb_DMA/hw
TRACE::2025-08-22.16:05:47::SCWPlatform:: Platform Path /home/coppholl/TB_DMA/dtg_output_DMA/dtg_output_DMA/tb_DMA/hw/tb_DMA.xsa
TRACE::2025-08-22.16:05:47::SCWPlatform:: Unique name vendor:kr260_som:tb_DMA:1.0
TRACE::2025-08-22.16:05:47::SCWPlatform::Trying to set the existing hwdb with name DMA_ADDER_wrapper_1
TRACE::2025-08-22.16:05:47::SCWPlatform::Opened existing hwdb DMA_ADDER_wrapper_1
TRACE::2025-08-22.16:05:47::SCWPlatform::Found the Hw Db part of the input DSA
TRACE::2025-08-22.16:05:47::SCWMssOS::Checking the sw design at  /home/coppholl/TB_DMA/dtg_output_DMA/dtg_output_DMA/tb_DMA/psu_cortexa53_0/device_tree_domain/bsp/system.mss
TRACE::2025-08-22.16:05:47::SCWMssOS::DEBUG:  swdes dump  /home/coppholl/TB_DMA/dtg_output_DMA/dtg_output_DMA/tb_DMA/psu_cortexa53_0/device_tree_domain/bsp/system.mss|system||

TRACE::2025-08-22.16:05:47::SCWMssOS::Sw design exists and opened at  /home/coppholl/TB_DMA/dtg_output_DMA/dtg_output_DMA/tb_DMA/psu_cortexa53_0/device_tree_domain/bsp/system.mss
TRACE::2025-08-22.16:05:47::SCWPlatform::Trying to open the hw design at /home/coppholl/TB_DMA/dtg_output_DMA/dtg_output_DMA/tb_DMA/hw/tb_DMA.xsa
TRACE::2025-08-22.16:05:47::SCWPlatform::DSA given /home/coppholl/TB_DMA/dtg_output_DMA/dtg_output_DMA/tb_DMA/hw/tb_DMA.xsa
TRACE::2025-08-22.16:05:47::SCWPlatform::DSA absoulate path /home/coppholl/TB_DMA/dtg_output_DMA/dtg_output_DMA/tb_DMA/hw/tb_DMA.xsa
TRACE::2025-08-22.16:05:47::SCWPlatform::DSA directory /home/coppholl/TB_DMA/dtg_output_DMA/dtg_output_DMA/tb_DMA/hw
TRACE::2025-08-22.16:05:47::SCWPlatform:: Platform Path /home/coppholl/TB_DMA/dtg_output_DMA/dtg_output_DMA/tb_DMA/hw/tb_DMA.xsa
TRACE::2025-08-22.16:05:47::SCWPlatform:: Unique name vendor:kr260_som:tb_DMA:1.0
TRACE::2025-08-22.16:05:47::SCWPlatform::Trying to set the existing hwdb with name DMA_ADDER_wrapper_1
TRACE::2025-08-22.16:05:47::SCWPlatform::Opened existing hwdb DMA_ADDER_wrapper_1
TRACE::2025-08-22.16:05:47::SCWPlatform::Found the Hw Db part of the input DSA
TRACE::2025-08-22.16:05:47::SCWMssOS::Checking the sw design at  /home/coppholl/TB_DMA/dtg_output_DMA/dtg_output_DMA/tb_DMA/psu_cortexa53_0/device_tree_domain/bsp/system.mss
TRACE::2025-08-22.16:05:47::SCWMssOS::DEBUG:  swdes dump  /home/coppholl/TB_DMA/dtg_output_DMA/dtg_output_DMA/tb_DMA/psu_cortexa53_0/device_tree_domain/bsp/system.mss|system||

TRACE::2025-08-22.16:05:47::SCWMssOS::Sw design exists and opened at  /home/coppholl/TB_DMA/dtg_output_DMA/dtg_output_DMA/tb_DMA/psu_cortexa53_0/device_tree_domain/bsp/system.mss
TRACE::2025-08-22.16:05:47::SCWWriter::formatted JSON is {
	"platformName":	"tb_DMA",
	"sprVersion":	"2.0",
	"mode":	"cmd",
	"dsaType":	"Expandable",
	"platformDesc":	"tb_DMA",
	"platHandOff":	"/home/coppholl/TB_DMA/./tb_DMA.xsa",
	"platIntHandOff":	"<platformDir>/hw/tb_DMA.xsa",
	"deviceType":	"zynqMP",
	"platIsPrebuiltAutogen":	"false",
	"platIsNoBootBsp":	"true",
	"hasFsblMakeHasChanges":	"false",
	"hasPmufwMakeHasChanges":	"false",
	"platPreBuiltFlag":	false,
	"platformSamplesDir":	"",
	"platActiveSys":	"tb_DMA",
	"systems":	[{
			"systemName":	"tb_DMA",
			"systemDesc":	"tb_DMA",
			"sysIsBootAutoGen":	"true",
			"systemDispName":	"tb_DMA",
			"sysActiveDom":	"device_tree_domain",
			"sysDefaultDom":	"device_tree_domain",
			"domains":	[{
					"domainName":	"device_tree_domain",
					"domainDispName":	"device_tree_domain",
					"domainDesc":	"device_tree_domain",
					"processors":	"psu_cortexa53_0",
					"os":	"device_tree",
					"sdxOs":	"device_tree",
					"qemuArgs":	"<platformDir>/resources/tb_DMA/device_tree_domain/qemu_args.txt",
					"qemuData":	"<platformDir>/resources/tb_DMA/device_tree_domain/qemu",
					"pmuQemuArgs":	"<platformDir>/resources/tb_DMA/device_tree_domain/pmu_args.txt",
					"debugEnable":	"False",
					"domRuntimes":	["cpp"],
					"swRepo":	"",
					"mssFile":	"",
					"md5Digest":	"a55f2fdc7f879f86835868afa0de62b6",
					"compatibleApp":	"",
					"domType":	"mssDomain",
					"appSettings":	{
						"appCompilerFlags":	"",
						"appLinkerFlags":	""
					},
					"addedLibs":	[],
					"libOptions":	{
						"libsContainingOptions":	[]
					},
					"prebuiltLibs":	{
						"prebuiltIncPath":	[],
						"prebuiltLibPath":	[]
					},
					"isolation":	{
					}
				}]
		}]
}
TRACE::2025-08-22.16:05:47::SCWPlatform::Trying to open the hw design at /home/coppholl/TB_DMA/dtg_output_DMA/dtg_output_DMA/tb_DMA/hw/tb_DMA.xsa
TRACE::2025-08-22.16:05:47::SCWPlatform::DSA given /home/coppholl/TB_DMA/dtg_output_DMA/dtg_output_DMA/tb_DMA/hw/tb_DMA.xsa
TRACE::2025-08-22.16:05:47::SCWPlatform::DSA absoulate path /home/coppholl/TB_DMA/dtg_output_DMA/dtg_output_DMA/tb_DMA/hw/tb_DMA.xsa
TRACE::2025-08-22.16:05:47::SCWPlatform::DSA directory /home/coppholl/TB_DMA/dtg_output_DMA/dtg_output_DMA/tb_DMA/hw
TRACE::2025-08-22.16:05:47::SCWPlatform:: Platform Path /home/coppholl/TB_DMA/dtg_output_DMA/dtg_output_DMA/tb_DMA/hw/tb_DMA.xsa
TRACE::2025-08-22.16:05:47::SCWPlatform:: Unique name vendor:kr260_som:tb_DMA:1.0
TRACE::2025-08-22.16:05:47::SCWPlatform::Trying to set the existing hwdb with name DMA_ADDER_wrapper_1
TRACE::2025-08-22.16:05:47::SCWPlatform::Opened existing hwdb DMA_ADDER_wrapper_1
TRACE::2025-08-22.16:05:47::SCWPlatform::Found the Hw Db part of the input DSA
TRACE::2025-08-22.16:05:47::SCWMssOS::Checking the sw design at  /home/coppholl/TB_DMA/dtg_output_DMA/dtg_output_DMA/tb_DMA/psu_cortexa53_0/device_tree_domain/bsp/system.mss
TRACE::2025-08-22.16:05:47::SCWMssOS::DEBUG:  swdes dump  /home/coppholl/TB_DMA/dtg_output_DMA/dtg_output_DMA/tb_DMA/psu_cortexa53_0/device_tree_domain/bsp/system.mss|system||

TRACE::2025-08-22.16:05:47::SCWMssOS::Sw design exists and opened at  /home/coppholl/TB_DMA/dtg_output_DMA/dtg_output_DMA/tb_DMA/psu_cortexa53_0/device_tree_domain/bsp/system.mss
TRACE::2025-08-22.16:05:47::SCWPlatform::Trying to open the hw design at /home/coppholl/TB_DMA/dtg_output_DMA/dtg_output_DMA/tb_DMA/hw/tb_DMA.xsa
TRACE::2025-08-22.16:05:47::SCWPlatform::DSA given /home/coppholl/TB_DMA/dtg_output_DMA/dtg_output_DMA/tb_DMA/hw/tb_DMA.xsa
TRACE::2025-08-22.16:05:47::SCWPlatform::DSA absoulate path /home/coppholl/TB_DMA/dtg_output_DMA/dtg_output_DMA/tb_DMA/hw/tb_DMA.xsa
TRACE::2025-08-22.16:05:47::SCWPlatform::DSA directory /home/coppholl/TB_DMA/dtg_output_DMA/dtg_output_DMA/tb_DMA/hw
TRACE::2025-08-22.16:05:47::SCWPlatform:: Platform Path /home/coppholl/TB_DMA/dtg_output_DMA/dtg_output_DMA/tb_DMA/hw/tb_DMA.xsa
TRACE::2025-08-22.16:05:47::SCWPlatform:: Unique name vendor:kr260_som:tb_DMA:1.0
TRACE::2025-08-22.16:05:47::SCWPlatform::Trying to set the existing hwdb with name DMA_ADDER_wrapper_1
TRACE::2025-08-22.16:05:47::SCWPlatform::Opened existing hwdb DMA_ADDER_wrapper_1
TRACE::2025-08-22.16:05:47::SCWPlatform::Found the Hw Db part of the input DSA
TRACE::2025-08-22.16:05:47::SCWMssOS::Checking the sw design at  /home/coppholl/TB_DMA/dtg_output_DMA/dtg_output_DMA/tb_DMA/psu_cortexa53_0/device_tree_domain/bsp/system.mss
TRACE::2025-08-22.16:05:47::SCWMssOS::DEBUG:  swdes dump  /home/coppholl/TB_DMA/dtg_output_DMA/dtg_output_DMA/tb_DMA/psu_cortexa53_0/device_tree_domain/bsp/system.mss|system||

TRACE::2025-08-22.16:05:47::SCWMssOS::Sw design exists and opened at  /home/coppholl/TB_DMA/dtg_output_DMA/dtg_output_DMA/tb_DMA/psu_cortexa53_0/device_tree_domain/bsp/system.mss
TRACE::2025-08-22.16:05:47::SCWPlatform::Trying to open the hw design at /home/coppholl/TB_DMA/dtg_output_DMA/dtg_output_DMA/tb_DMA/hw/tb_DMA.xsa
TRACE::2025-08-22.16:05:47::SCWPlatform::DSA given /home/coppholl/TB_DMA/dtg_output_DMA/dtg_output_DMA/tb_DMA/hw/tb_DMA.xsa
TRACE::2025-08-22.16:05:47::SCWPlatform::DSA absoulate path /home/coppholl/TB_DMA/dtg_output_DMA/dtg_output_DMA/tb_DMA/hw/tb_DMA.xsa
TRACE::2025-08-22.16:05:47::SCWPlatform::DSA directory /home/coppholl/TB_DMA/dtg_output_DMA/dtg_output_DMA/tb_DMA/hw
TRACE::2025-08-22.16:05:47::SCWPlatform:: Platform Path /home/coppholl/TB_DMA/dtg_output_DMA/dtg_output_DMA/tb_DMA/hw/tb_DMA.xsa
TRACE::2025-08-22.16:05:47::SCWPlatform:: Unique name vendor:kr260_som:tb_DMA:1.0
TRACE::2025-08-22.16:05:47::SCWPlatform::Trying to set the existing hwdb with name DMA_ADDER_wrapper_1
TRACE::2025-08-22.16:05:47::SCWPlatform::Opened existing hwdb DMA_ADDER_wrapper_1
TRACE::2025-08-22.16:05:47::SCWPlatform::Found the Hw Db part of the input DSA
TRACE::2025-08-22.16:05:47::SCWMssOS::Checking the sw design at  /home/coppholl/TB_DMA/dtg_output_DMA/dtg_output_DMA/tb_DMA/psu_cortexa53_0/device_tree_domain/bsp/system.mss
TRACE::2025-08-22.16:05:47::SCWMssOS::DEBUG:  swdes dump  /home/coppholl/TB_DMA/dtg_output_DMA/dtg_output_DMA/tb_DMA/psu_cortexa53_0/device_tree_domain/bsp/system.mss|system||

TRACE::2025-08-22.16:05:47::SCWMssOS::Sw design exists and opened at  /home/coppholl/TB_DMA/dtg_output_DMA/dtg_output_DMA/tb_DMA/psu_cortexa53_0/device_tree_domain/bsp/system.mss
TRACE::2025-08-22.16:05:48::SCWMssOS::Saving the mss changes /home/coppholl/TB_DMA/dtg_output_DMA/dtg_output_DMA/tb_DMA/psu_cortexa53_0/device_tree_domain/bsp/system.mss
TRACE::2025-08-22.16:05:48::SCWMssOS::Found a swdesign opened with the mssfile.
TRACE::2025-08-22.16:05:48::SCWMssOS::Completed writemss as part of save.
TRACE::2025-08-22.16:05:48::SCWMssOS::Commit changes completed.
TRACE::2025-08-22.16:05:48::SCWPlatform::Trying to open the hw design at /home/coppholl/TB_DMA/dtg_output_DMA/dtg_output_DMA/tb_DMA/hw/tb_DMA.xsa
TRACE::2025-08-22.16:05:48::SCWPlatform::DSA given /home/coppholl/TB_DMA/dtg_output_DMA/dtg_output_DMA/tb_DMA/hw/tb_DMA.xsa
TRACE::2025-08-22.16:05:48::SCWPlatform::DSA absoulate path /home/coppholl/TB_DMA/dtg_output_DMA/dtg_output_DMA/tb_DMA/hw/tb_DMA.xsa
TRACE::2025-08-22.16:05:48::SCWPlatform::DSA directory /home/coppholl/TB_DMA/dtg_output_DMA/dtg_output_DMA/tb_DMA/hw
TRACE::2025-08-22.16:05:48::SCWPlatform:: Platform Path /home/coppholl/TB_DMA/dtg_output_DMA/dtg_output_DMA/tb_DMA/hw/tb_DMA.xsa
TRACE::2025-08-22.16:05:48::SCWPlatform:: Unique name vendor:kr260_som:tb_DMA:1.0
TRACE::2025-08-22.16:05:48::SCWPlatform::Trying to set the existing hwdb with name DMA_ADDER_wrapper_1
TRACE::2025-08-22.16:05:48::SCWPlatform::Opened existing hwdb DMA_ADDER_wrapper_1
TRACE::2025-08-22.16:05:48::SCWPlatform::Found the Hw Db part of the input DSA
TRACE::2025-08-22.16:05:48::SCWMssOS::Checking the sw design at  /home/coppholl/TB_DMA/dtg_output_DMA/dtg_output_DMA/tb_DMA/psu_cortexa53_0/device_tree_domain/bsp/system.mss
TRACE::2025-08-22.16:05:48::SCWMssOS::DEBUG:  swdes dump  /home/coppholl/TB_DMA/dtg_output_DMA/dtg_output_DMA/tb_DMA/psu_cortexa53_0/device_tree_domain/bsp/system.mss|system||

TRACE::2025-08-22.16:05:48::SCWMssOS::Sw design exists and opened at  /home/coppholl/TB_DMA/dtg_output_DMA/dtg_output_DMA/tb_DMA/psu_cortexa53_0/device_tree_domain/bsp/system.mss
TRACE::2025-08-22.16:05:48::SCWPlatform::Trying to open the hw design at /home/coppholl/TB_DMA/dtg_output_DMA/dtg_output_DMA/tb_DMA/hw/tb_DMA.xsa
TRACE::2025-08-22.16:05:48::SCWPlatform::DSA given /home/coppholl/TB_DMA/dtg_output_DMA/dtg_output_DMA/tb_DMA/hw/tb_DMA.xsa
TRACE::2025-08-22.16:05:48::SCWPlatform::DSA absoulate path /home/coppholl/TB_DMA/dtg_output_DMA/dtg_output_DMA/tb_DMA/hw/tb_DMA.xsa
TRACE::2025-08-22.16:05:48::SCWPlatform::DSA directory /home/coppholl/TB_DMA/dtg_output_DMA/dtg_output_DMA/tb_DMA/hw
TRACE::2025-08-22.16:05:48::SCWPlatform:: Platform Path /home/coppholl/TB_DMA/dtg_output_DMA/dtg_output_DMA/tb_DMA/hw/tb_DMA.xsa
TRACE::2025-08-22.16:05:48::SCWPlatform:: Unique name vendor:kr260_som:tb_DMA:1.0
TRACE::2025-08-22.16:05:48::SCWPlatform::Trying to set the existing hwdb with name DMA_ADDER_wrapper_1
TRACE::2025-08-22.16:05:48::SCWPlatform::Opened existing hwdb DMA_ADDER_wrapper_1
TRACE::2025-08-22.16:05:48::SCWPlatform::Found the Hw Db part of the input DSA
TRACE::2025-08-22.16:05:48::SCWMssOS::Checking the sw design at  /home/coppholl/TB_DMA/dtg_output_DMA/dtg_output_DMA/tb_DMA/psu_cortexa53_0/device_tree_domain/bsp/system.mss
TRACE::2025-08-22.16:05:48::SCWMssOS::DEBUG:  swdes dump  /home/coppholl/TB_DMA/dtg_output_DMA/dtg_output_DMA/tb_DMA/psu_cortexa53_0/device_tree_domain/bsp/system.mss|system||

TRACE::2025-08-22.16:05:48::SCWMssOS::Sw design exists and opened at  /home/coppholl/TB_DMA/dtg_output_DMA/dtg_output_DMA/tb_DMA/psu_cortexa53_0/device_tree_domain/bsp/system.mss
TRACE::2025-08-22.16:05:48::SCWWriter::formatted JSON is {
	"platformName":	"tb_DMA",
	"sprVersion":	"2.0",
	"mode":	"cmd",
	"dsaType":	"Expandable",
	"platformDesc":	"tb_DMA",
	"platHandOff":	"/home/coppholl/TB_DMA/./tb_DMA.xsa",
	"platIntHandOff":	"<platformDir>/hw/tb_DMA.xsa",
	"deviceType":	"zynqMP",
	"platIsPrebuiltAutogen":	"false",
	"platIsNoBootBsp":	"true",
	"hasFsblMakeHasChanges":	"false",
	"hasPmufwMakeHasChanges":	"false",
	"platPreBuiltFlag":	false,
	"platformSamplesDir":	"",
	"platActiveSys":	"tb_DMA",
	"systems":	[{
			"systemName":	"tb_DMA",
			"systemDesc":	"tb_DMA",
			"sysIsBootAutoGen":	"true",
			"systemDispName":	"tb_DMA",
			"sysActiveDom":	"device_tree_domain",
			"sysDefaultDom":	"device_tree_domain",
			"domains":	[{
					"domainName":	"device_tree_domain",
					"domainDispName":	"device_tree on psu_cortexa53_0",
					"domainDesc":	"device_tree_domain",
					"processors":	"psu_cortexa53_0",
					"os":	"device_tree",
					"sdxOs":	"device_tree",
					"qemuArgs":	"<platformDir>/resources/tb_DMA/device_tree_domain/qemu_args.txt",
					"qemuData":	"<platformDir>/resources/tb_DMA/device_tree_domain/qemu",
					"pmuQemuArgs":	"<platformDir>/resources/tb_DMA/device_tree_domain/pmu_args.txt",
					"debugEnable":	"False",
					"domRuntimes":	["cpp"],
					"swRepo":	"",
					"mssFile":	"",
					"md5Digest":	"a55f2fdc7f879f86835868afa0de62b6",
					"compatibleApp":	"",
					"domType":	"mssDomain",
					"appSettings":	{
						"appCompilerFlags":	"",
						"appLinkerFlags":	""
					},
					"addedLibs":	[],
					"libOptions":	{
						"libsContainingOptions":	[]
					},
					"prebuiltLibs":	{
						"prebuiltIncPath":	[],
						"prebuiltLibPath":	[]
					},
					"isolation":	{
					}
				}]
		}]
}
TRACE::2025-08-22.16:05:48::SCWPlatform::Trying to open the hw design at /home/coppholl/TB_DMA/dtg_output_DMA/dtg_output_DMA/tb_DMA/hw/tb_DMA.xsa
TRACE::2025-08-22.16:05:48::SCWPlatform::DSA given /home/coppholl/TB_DMA/dtg_output_DMA/dtg_output_DMA/tb_DMA/hw/tb_DMA.xsa
TRACE::2025-08-22.16:05:48::SCWPlatform::DSA absoulate path /home/coppholl/TB_DMA/dtg_output_DMA/dtg_output_DMA/tb_DMA/hw/tb_DMA.xsa
TRACE::2025-08-22.16:05:48::SCWPlatform::DSA directory /home/coppholl/TB_DMA/dtg_output_DMA/dtg_output_DMA/tb_DMA/hw
TRACE::2025-08-22.16:05:48::SCWPlatform:: Platform Path /home/coppholl/TB_DMA/dtg_output_DMA/dtg_output_DMA/tb_DMA/hw/tb_DMA.xsa
TRACE::2025-08-22.16:05:48::SCWPlatform:: Unique name vendor:kr260_som:tb_DMA:1.0
TRACE::2025-08-22.16:05:48::SCWPlatform::Trying to set the existing hwdb with name DMA_ADDER_wrapper_1
TRACE::2025-08-22.16:05:48::SCWPlatform::Opened existing hwdb DMA_ADDER_wrapper_1
TRACE::2025-08-22.16:05:48::SCWPlatform::Found the Hw Db part of the input DSA
TRACE::2025-08-22.16:05:48::SCWMssOS::Checking the sw design at  /home/coppholl/TB_DMA/dtg_output_DMA/dtg_output_DMA/tb_DMA/psu_cortexa53_0/device_tree_domain/bsp/system.mss
TRACE::2025-08-22.16:05:48::SCWMssOS::DEBUG:  swdes dump  /home/coppholl/TB_DMA/dtg_output_DMA/dtg_output_DMA/tb_DMA/psu_cortexa53_0/device_tree_domain/bsp/system.mss|system||

TRACE::2025-08-22.16:05:48::SCWMssOS::Sw design exists and opened at  /home/coppholl/TB_DMA/dtg_output_DMA/dtg_output_DMA/tb_DMA/psu_cortexa53_0/device_tree_domain/bsp/system.mss
TRACE::2025-08-22.16:05:48::SCWPlatform::Trying to open the hw design at /home/coppholl/TB_DMA/dtg_output_DMA/dtg_output_DMA/tb_DMA/hw/tb_DMA.xsa
TRACE::2025-08-22.16:05:48::SCWPlatform::DSA given /home/coppholl/TB_DMA/dtg_output_DMA/dtg_output_DMA/tb_DMA/hw/tb_DMA.xsa
TRACE::2025-08-22.16:05:48::SCWPlatform::DSA absoulate path /home/coppholl/TB_DMA/dtg_output_DMA/dtg_output_DMA/tb_DMA/hw/tb_DMA.xsa
TRACE::2025-08-22.16:05:48::SCWPlatform::DSA directory /home/coppholl/TB_DMA/dtg_output_DMA/dtg_output_DMA/tb_DMA/hw
TRACE::2025-08-22.16:05:48::SCWPlatform:: Platform Path /home/coppholl/TB_DMA/dtg_output_DMA/dtg_output_DMA/tb_DMA/hw/tb_DMA.xsa
TRACE::2025-08-22.16:05:48::SCWPlatform:: Unique name vendor:kr260_som:tb_DMA:1.0
TRACE::2025-08-22.16:05:48::SCWPlatform::Trying to set the existing hwdb with name DMA_ADDER_wrapper_1
TRACE::2025-08-22.16:05:48::SCWPlatform::Opened existing hwdb DMA_ADDER_wrapper_1
TRACE::2025-08-22.16:05:48::SCWPlatform::Found the Hw Db part of the input DSA
TRACE::2025-08-22.16:05:48::SCWMssOS::Checking the sw design at  /home/coppholl/TB_DMA/dtg_output_DMA/dtg_output_DMA/tb_DMA/psu_cortexa53_0/device_tree_domain/bsp/system.mss
TRACE::2025-08-22.16:05:48::SCWMssOS::DEBUG:  swdes dump  /home/coppholl/TB_DMA/dtg_output_DMA/dtg_output_DMA/tb_DMA/psu_cortexa53_0/device_tree_domain/bsp/system.mss|system||

TRACE::2025-08-22.16:05:48::SCWMssOS::Sw design exists and opened at  /home/coppholl/TB_DMA/dtg_output_DMA/dtg_output_DMA/tb_DMA/psu_cortexa53_0/device_tree_domain/bsp/system.mss
TRACE::2025-08-22.16:05:48::SCWPlatform::Trying to open the hw design at /home/coppholl/TB_DMA/dtg_output_DMA/dtg_output_DMA/tb_DMA/hw/tb_DMA.xsa
TRACE::2025-08-22.16:05:48::SCWPlatform::DSA given /home/coppholl/TB_DMA/dtg_output_DMA/dtg_output_DMA/tb_DMA/hw/tb_DMA.xsa
TRACE::2025-08-22.16:05:48::SCWPlatform::DSA absoulate path /home/coppholl/TB_DMA/dtg_output_DMA/dtg_output_DMA/tb_DMA/hw/tb_DMA.xsa
TRACE::2025-08-22.16:05:48::SCWPlatform::DSA directory /home/coppholl/TB_DMA/dtg_output_DMA/dtg_output_DMA/tb_DMA/hw
TRACE::2025-08-22.16:05:48::SCWPlatform:: Platform Path /home/coppholl/TB_DMA/dtg_output_DMA/dtg_output_DMA/tb_DMA/hw/tb_DMA.xsa
TRACE::2025-08-22.16:05:48::SCWPlatform:: Unique name vendor:kr260_som:tb_DMA:1.0
TRACE::2025-08-22.16:05:48::SCWPlatform::Trying to set the existing hwdb with name DMA_ADDER_wrapper_1
TRACE::2025-08-22.16:05:48::SCWPlatform::Opened existing hwdb DMA_ADDER_wrapper_1
TRACE::2025-08-22.16:05:48::SCWPlatform::Found the Hw Db part of the input DSA
TRACE::2025-08-22.16:05:48::SCWMssOS::Checking the sw design at  /home/coppholl/TB_DMA/dtg_output_DMA/dtg_output_DMA/tb_DMA/psu_cortexa53_0/device_tree_domain/bsp/system.mss
TRACE::2025-08-22.16:05:48::SCWMssOS::DEBUG:  swdes dump  /home/coppholl/TB_DMA/dtg_output_DMA/dtg_output_DMA/tb_DMA/psu_cortexa53_0/device_tree_domain/bsp/system.mss|system||

TRACE::2025-08-22.16:05:48::SCWMssOS::Sw design exists and opened at  /home/coppholl/TB_DMA/dtg_output_DMA/dtg_output_DMA/tb_DMA/psu_cortexa53_0/device_tree_domain/bsp/system.mss
TRACE::2025-08-22.16:05:48::SCWMssOS::Completed writing the mss file at /home/coppholl/TB_DMA/dtg_output_DMA/dtg_output_DMA/tb_DMA/psu_cortexa53_0/device_tree_domain/bsp
TRACE::2025-08-22.16:05:48::SCWMssOS::Forcing BSP Sources regeneration.
LOG::2025-08-22.16:06:07::SCWPlatform::Started generating the artifacts platform tb_DMA
TRACE::2025-08-22.16:06:07::SCWPlatform::Sanity checking of platform is completed
LOG::2025-08-22.16:06:07::SCWPlatform::Started generating the artifacts for system configuration tb_DMA
LOG::2025-08-22.16:06:07::SCWSystem::Checking the domain device_tree_domain
LOG::2025-08-22.16:06:07::SCWSystem::Not a boot domain 
LOG::2025-08-22.16:06:07::SCWSystem::Started Processing the domain device_tree_domain
TRACE::2025-08-22.16:06:07::SCWDomain::Generating domain artifcats
TRACE::2025-08-22.16:06:07::SCWMssOS::Generating standalone artifcats
TRACE::2025-08-22.16:06:07::SCWMssOS::Copying the qemu file from  /home/coppholl/TB_DMA/dtg_output_DMA/dtg_output_DMA/tb_DMA/resources/tb_DMA/device_tree_domain/qemu_args.txt To /home/coppholl/TB_DMA/dtg_output_DMA/dtg_output_DMA/tb_DMA/export/tb_DMA/sw/tb_DMA/qemu/
TRACE::2025-08-22.16:06:07::SCWMssOS::Copying the qemu file from  /home/coppholl/TB_DMA/dtg_output_DMA/dtg_output_DMA/tb_DMA/resources/tb_DMA/device_tree_domain/qemu_args.txt To /home/coppholl/TB_DMA/dtg_output_DMA/dtg_output_DMA/tb_DMA/export/tb_DMA/sw/tb_DMA/qemu/
TRACE::2025-08-22.16:06:07::SCWMssOS::Copying the qemu file from  /home/coppholl/TB_DMA/dtg_output_DMA/dtg_output_DMA/tb_DMA/resources/tb_DMA/device_tree_domain/qemu_args.txt To /home/coppholl/TB_DMA/dtg_output_DMA/dtg_output_DMA/tb_DMA/export/tb_DMA/sw/tb_DMA/device_tree_domain/qemu/
TRACE::2025-08-22.16:06:07::SCWMssOS::Copying the qemu file from  /home/coppholl/TB_DMA/dtg_output_DMA/dtg_output_DMA/tb_DMA/resources/tb_DMA/device_tree_domain/qemu_args.txt To /home/coppholl/TB_DMA/dtg_output_DMA/dtg_output_DMA/tb_DMA/export/tb_DMA/sw/tb_DMA/device_tree_domain/qemu/
TRACE::2025-08-22.16:06:07::SCWMssOS:: Copying the user libraries. 
TRACE::2025-08-22.16:06:07::SCWPlatform::Trying to open the hw design at /home/coppholl/TB_DMA/dtg_output_DMA/dtg_output_DMA/tb_DMA/hw/tb_DMA.xsa
TRACE::2025-08-22.16:06:07::SCWPlatform::DSA given /home/coppholl/TB_DMA/dtg_output_DMA/dtg_output_DMA/tb_DMA/hw/tb_DMA.xsa
TRACE::2025-08-22.16:06:07::SCWPlatform::DSA absoulate path /home/coppholl/TB_DMA/dtg_output_DMA/dtg_output_DMA/tb_DMA/hw/tb_DMA.xsa
TRACE::2025-08-22.16:06:07::SCWPlatform::DSA directory /home/coppholl/TB_DMA/dtg_output_DMA/dtg_output_DMA/tb_DMA/hw
TRACE::2025-08-22.16:06:07::SCWPlatform:: Platform Path /home/coppholl/TB_DMA/dtg_output_DMA/dtg_output_DMA/tb_DMA/hw/tb_DMA.xsa
TRACE::2025-08-22.16:06:07::SCWPlatform:: Unique name vendor:kr260_som:tb_DMA:1.0
TRACE::2025-08-22.16:06:07::SCWPlatform::Trying to set the existing hwdb with name DMA_ADDER_wrapper_1
TRACE::2025-08-22.16:06:07::SCWPlatform::Opened existing hwdb DMA_ADDER_wrapper_1
TRACE::2025-08-22.16:06:07::SCWPlatform::Found the Hw Db part of the input DSA
TRACE::2025-08-22.16:06:07::SCWMssOS::Checking the sw design at  /home/coppholl/TB_DMA/dtg_output_DMA/dtg_output_DMA/tb_DMA/psu_cortexa53_0/device_tree_domain/bsp/system.mss
TRACE::2025-08-22.16:06:07::SCWMssOS::DEBUG:  swdes dump  
TRACE::2025-08-22.16:06:07::SCWMssOS::No sw design opened at  /home/coppholl/TB_DMA/dtg_output_DMA/dtg_output_DMA/tb_DMA/psu_cortexa53_0/device_tree_domain/bsp/system.mss
TRACE::2025-08-22.16:06:07::SCWMssOS::mss exists loading the mss file  /home/coppholl/TB_DMA/dtg_output_DMA/dtg_output_DMA/tb_DMA/psu_cortexa53_0/device_tree_domain/bsp/system.mss
TRACE::2025-08-22.16:06:07::SCWMssOS::Opened the sw design from mss  /home/coppholl/TB_DMA/dtg_output_DMA/dtg_output_DMA/tb_DMA/psu_cortexa53_0/device_tree_domain/bsp/system.mss
TRACE::2025-08-22.16:06:07::SCWMssOS::Adding the swdes entry /home/coppholl/TB_DMA/dtg_output_DMA/dtg_output_DMA/tb_DMA/psu_cortexa53_0/device_tree_domain/bsp/system.mss with des name system
TRACE::2025-08-22.16:06:07::SCWMssOS::updating the scw layer about changes
TRACE::2025-08-22.16:06:07::SCWMssOS::Opened the sw design.  /home/coppholl/TB_DMA/dtg_output_DMA/dtg_output_DMA/tb_DMA/psu_cortexa53_0/device_tree_domain/bsp/system.mss
TRACE::2025-08-22.16:06:07::SCWMssOS::Completed writing the mss file at /home/coppholl/TB_DMA/dtg_output_DMA/dtg_output_DMA/tb_DMA/psu_cortexa53_0/device_tree_domain/bsp
TRACE::2025-08-22.16:06:07::SCWMssOS::Mss edits present, copying mssfile into export location /home/coppholl/TB_DMA/dtg_output_DMA/dtg_output_DMA/tb_DMA/psu_cortexa53_0/device_tree_domain/bsp/system.mss
TRACE::2025-08-22.16:06:07::SCWMssOS::bsp generated is upto date with the mss file. Skipping bsp generation.
TRACE::2025-08-22.16:06:07::SCWMssOS::BSP is already built. skipping the bsp build ... 
TRACE::2025-08-22.16:06:07::SCWDomain::Building the domain as part of full build :  device_tree_domain
TRACE::2025-08-22.16:06:07::SCWMssOS::doing bsp build ... 
TRACE::2025-08-22.16:06:07::SCWMssOS::System Command Ran  cd  /home/coppholl/TB_DMA/dtg_output_DMA/dtg_output_DMA/tb_DMA/psu_cortexa53_0/device_tree_domain/bsp ; bash -c "make  " 
TRACE::2025-08-22.16:06:07::SCWMssOS::make: Nothing to be done for 'all'.

TRACE::2025-08-22.16:06:07::SCWMssOS::Copying to export directory.
TRACE::2025-08-22.16:06:07::SCWMssOS:: Checking if to create the Supporting Applications
TRACE::2025-08-22.16:06:07::SCWMssOS:: No Linux domain exists, trying to generate FSBL 
TRACE::2025-08-22.16:06:07::SCWMssOS:: Completed Standalone Artifacts creation 
LOG::2025-08-22.16:06:07::SCWSystem::Completed Processing the domain device_tree_domain
LOG::2025-08-22.16:06:07::SCWSystem::Completed Processing the sysconfig tb_DMA
LOG::2025-08-22.16:06:07::SCWPlatform::Completed generating the artifacts for system configuration tb_DMA
TRACE::2025-08-22.16:06:07::SCWPlatform::Started preparing the platform 
TRACE::2025-08-22.16:06:07::SCWSystem::Writing the bif file for system config tb_DMA
TRACE::2025-08-22.16:06:07::SCWSystem::dir created 
TRACE::2025-08-22.16:06:07::SCWSystem::Writing the bif 
TRACE::2025-08-22.16:06:07::SCWPlatform::Started writing the spfm file 
TRACE::2025-08-22.16:06:07::SCWPlatform::Started writing the xpfm file 
TRACE::2025-08-22.16:06:07::SCWPlatform::Completed generating the platform
TRACE::2025-08-22.16:06:07::SCWMssOS::Saving the mss changes /home/coppholl/TB_DMA/dtg_output_DMA/dtg_output_DMA/tb_DMA/psu_cortexa53_0/device_tree_domain/bsp/system.mss
TRACE::2025-08-22.16:06:07::SCWMssOS::Found a swdesign opened with the mssfile.
TRACE::2025-08-22.16:06:07::SCWMssOS::Completed writemss as part of save.
TRACE::2025-08-22.16:06:07::SCWMssOS::Commit changes completed.
TRACE::2025-08-22.16:06:07::SCWPlatform::Trying to open the hw design at /home/coppholl/TB_DMA/dtg_output_DMA/dtg_output_DMA/tb_DMA/hw/tb_DMA.xsa
TRACE::2025-08-22.16:06:07::SCWPlatform::DSA given /home/coppholl/TB_DMA/dtg_output_DMA/dtg_output_DMA/tb_DMA/hw/tb_DMA.xsa
TRACE::2025-08-22.16:06:07::SCWPlatform::DSA absoulate path /home/coppholl/TB_DMA/dtg_output_DMA/dtg_output_DMA/tb_DMA/hw/tb_DMA.xsa
TRACE::2025-08-22.16:06:07::SCWPlatform::DSA directory /home/coppholl/TB_DMA/dtg_output_DMA/dtg_output_DMA/tb_DMA/hw
TRACE::2025-08-22.16:06:07::SCWPlatform:: Platform Path /home/coppholl/TB_DMA/dtg_output_DMA/dtg_output_DMA/tb_DMA/hw/tb_DMA.xsa
TRACE::2025-08-22.16:06:07::SCWPlatform:: Unique name vendor:kr260_som:tb_DMA:1.0
TRACE::2025-08-22.16:06:07::SCWPlatform::Trying to set the existing hwdb with name DMA_ADDER_wrapper_1
TRACE::2025-08-22.16:06:07::SCWPlatform::Opened existing hwdb DMA_ADDER_wrapper_1
TRACE::2025-08-22.16:06:07::SCWPlatform::Found the Hw Db part of the input DSA
TRACE::2025-08-22.16:06:07::SCWMssOS::Checking the sw design at  /home/coppholl/TB_DMA/dtg_output_DMA/dtg_output_DMA/tb_DMA/psu_cortexa53_0/device_tree_domain/bsp/system.mss
TRACE::2025-08-22.16:06:07::SCWMssOS::DEBUG:  swdes dump  /home/coppholl/TB_DMA/dtg_output_DMA/dtg_output_DMA/tb_DMA/psu_cortexa53_0/device_tree_domain/bsp/system.mss|system||

TRACE::2025-08-22.16:06:07::SCWMssOS::Sw design exists and opened at  /home/coppholl/TB_DMA/dtg_output_DMA/dtg_output_DMA/tb_DMA/psu_cortexa53_0/device_tree_domain/bsp/system.mss
TRACE::2025-08-22.16:06:07::SCWPlatform::Trying to open the hw design at /home/coppholl/TB_DMA/dtg_output_DMA/dtg_output_DMA/tb_DMA/hw/tb_DMA.xsa
TRACE::2025-08-22.16:06:07::SCWPlatform::DSA given /home/coppholl/TB_DMA/dtg_output_DMA/dtg_output_DMA/tb_DMA/hw/tb_DMA.xsa
TRACE::2025-08-22.16:06:07::SCWPlatform::DSA absoulate path /home/coppholl/TB_DMA/dtg_output_DMA/dtg_output_DMA/tb_DMA/hw/tb_DMA.xsa
TRACE::2025-08-22.16:06:07::SCWPlatform::DSA directory /home/coppholl/TB_DMA/dtg_output_DMA/dtg_output_DMA/tb_DMA/hw
TRACE::2025-08-22.16:06:07::SCWPlatform:: Platform Path /home/coppholl/TB_DMA/dtg_output_DMA/dtg_output_DMA/tb_DMA/hw/tb_DMA.xsa
TRACE::2025-08-22.16:06:07::SCWPlatform:: Unique name vendor:kr260_som:tb_DMA:1.0
TRACE::2025-08-22.16:06:07::SCWPlatform::Trying to set the existing hwdb with name DMA_ADDER_wrapper_1
TRACE::2025-08-22.16:06:07::SCWPlatform::Opened existing hwdb DMA_ADDER_wrapper_1
TRACE::2025-08-22.16:06:07::SCWPlatform::Found the Hw Db part of the input DSA
TRACE::2025-08-22.16:06:07::SCWMssOS::Checking the sw design at  /home/coppholl/TB_DMA/dtg_output_DMA/dtg_output_DMA/tb_DMA/psu_cortexa53_0/device_tree_domain/bsp/system.mss
TRACE::2025-08-22.16:06:07::SCWMssOS::DEBUG:  swdes dump  /home/coppholl/TB_DMA/dtg_output_DMA/dtg_output_DMA/tb_DMA/psu_cortexa53_0/device_tree_domain/bsp/system.mss|system||

TRACE::2025-08-22.16:06:07::SCWMssOS::Sw design exists and opened at  /home/coppholl/TB_DMA/dtg_output_DMA/dtg_output_DMA/tb_DMA/psu_cortexa53_0/device_tree_domain/bsp/system.mss
TRACE::2025-08-22.16:06:07::SCWWriter::formatted JSON is {
	"platformName":	"tb_DMA",
	"sprVersion":	"2.0",
	"mode":	"cmd",
	"dsaType":	"Expandable",
	"platformDesc":	"tb_DMA",
	"platHandOff":	"/home/coppholl/TB_DMA/./tb_DMA.xsa",
	"platIntHandOff":	"<platformDir>/hw/tb_DMA.xsa",
	"deviceType":	"zynqMP",
	"platIsPrebuiltAutogen":	"false",
	"platIsNoBootBsp":	"true",
	"hasFsblMakeHasChanges":	"false",
	"hasPmufwMakeHasChanges":	"false",
	"platPreBuiltFlag":	false,
	"platformSamplesDir":	"",
	"platActiveSys":	"tb_DMA",
	"systems":	[{
			"systemName":	"tb_DMA",
			"systemDesc":	"tb_DMA",
			"sysIsBootAutoGen":	"true",
			"systemDispName":	"tb_DMA",
			"sysActiveDom":	"device_tree_domain",
			"sysDefaultDom":	"device_tree_domain",
			"domains":	[{
					"domainName":	"device_tree_domain",
					"domainDispName":	"device_tree on psu_cortexa53_0",
					"domainDesc":	"device_tree_domain",
					"processors":	"psu_cortexa53_0",
					"os":	"device_tree",
					"sdxOs":	"device_tree",
					"qemuArgs":	"<platformDir>/resources/tb_DMA/device_tree_domain/qemu_args.txt",
					"qemuData":	"<platformDir>/resources/tb_DMA/device_tree_domain/qemu",
					"pmuQemuArgs":	"<platformDir>/resources/tb_DMA/device_tree_domain/pmu_args.txt",
					"debugEnable":	"False",
					"domRuntimes":	["cpp"],
					"swRepo":	"",
					"mssFile":	"",
					"md5Digest":	"47c78e97b782b4d187b04e1b66a23793",
					"compatibleApp":	"",
					"domType":	"mssDomain",
					"appSettings":	{
						"appCompilerFlags":	"",
						"appLinkerFlags":	""
					},
					"addedLibs":	[],
					"libOptions":	{
						"device_tree":	{
							"dt_overlay":	"true",
							"dt_zocl":	"true",
							"overlay_custom_dts":	"pl-final.dts",
							"libOptionNames":	["dt_overlay", "dt_zocl", "overlay_custom_dts"]
						},
						"libsContainingOptions":	["device_tree"]
					},
					"prebuiltLibs":	{
						"prebuiltIncPath":	[],
						"prebuiltLibPath":	[]
					},
					"isolation":	{
					}
				}]
		}]
}
KEYINFO::2025-08-22.16:06:07::SCWPlatform::updated the xpfm file.
TRACE::2025-08-22.16:06:07::SCWPlatform::Trying to open the hw design at /home/coppholl/TB_DMA/dtg_output_DMA/dtg_output_DMA/tb_DMA/hw/tb_DMA.xsa
TRACE::2025-08-22.16:06:07::SCWPlatform::DSA given /home/coppholl/TB_DMA/dtg_output_DMA/dtg_output_DMA/tb_DMA/hw/tb_DMA.xsa
TRACE::2025-08-22.16:06:07::SCWPlatform::DSA absoulate path /home/coppholl/TB_DMA/dtg_output_DMA/dtg_output_DMA/tb_DMA/hw/tb_DMA.xsa
TRACE::2025-08-22.16:06:07::SCWPlatform::DSA directory /home/coppholl/TB_DMA/dtg_output_DMA/dtg_output_DMA/tb_DMA/hw
TRACE::2025-08-22.16:06:07::SCWPlatform:: Platform Path /home/coppholl/TB_DMA/dtg_output_DMA/dtg_output_DMA/tb_DMA/hw/tb_DMA.xsa
TRACE::2025-08-22.16:06:07::SCWPlatform:: Unique name vendor:kr260_som:tb_DMA:1.0
TRACE::2025-08-22.16:06:07::SCWPlatform::Trying to set the existing hwdb with name DMA_ADDER_wrapper_1
TRACE::2025-08-22.16:06:07::SCWPlatform::Opened existing hwdb DMA_ADDER_wrapper_1
TRACE::2025-08-22.16:06:07::SCWPlatform::Found the Hw Db part of the input DSA
TRACE::2025-08-22.16:06:07::SCWMssOS::Checking the sw design at  /home/coppholl/TB_DMA/dtg_output_DMA/dtg_output_DMA/tb_DMA/psu_cortexa53_0/device_tree_domain/bsp/system.mss
TRACE::2025-08-22.16:06:07::SCWMssOS::DEBUG:  swdes dump  /home/coppholl/TB_DMA/dtg_output_DMA/dtg_output_DMA/tb_DMA/psu_cortexa53_0/device_tree_domain/bsp/system.mss|system||

TRACE::2025-08-22.16:06:07::SCWMssOS::Sw design exists and opened at  /home/coppholl/TB_DMA/dtg_output_DMA/dtg_output_DMA/tb_DMA/psu_cortexa53_0/device_tree_domain/bsp/system.mss
