Copyright 1986-2022 Xilinx, Inc. All Rights Reserved. Copyright 2022-2024 Advanced Micro Devices, Inc. All Rights Reserved.
---------------------------------------------------------------------------------------------------------------------------------------------
| Tool Version : Vivado v.2024.1 (lin64) Build 5076996 Wed May 22 18:36:09 MDT 2024
| Date         : Fri Aug 22 15:52:24 2025
| Host         : coppholl running 64-bit Ubuntu 20.04.6 LTS
| Command      : report_utilization -file DMA_ADDER_wrapper_utilization_placed.rpt -pb DMA_ADDER_wrapper_utilization_placed.pb
| Design       : DMA_ADDER_wrapper
| Device       : xck26-sfvc784-2LV-c
| Speed File   : -2LV
| Design State : Fully Placed
---------------------------------------------------------------------------------------------------------------------------------------------

Utilization Design Information

Table of Contents
-----------------
1. CLB Logic
1.1 Summary of Registers by Type
2. CLB Logic Distribution
3. BLOCKRAM
4. ARITHMETIC
5. I/O
6. CLOCK
7. ADVANCED
8. CONFIGURATION
9. Primitives
10. Black Boxes
11. Instantiated Netlists

1. CLB Logic
------------

+----------------------------+-------+-------+------------+-----------+-------+
|          Site Type         |  Used | Fixed | Prohibited | Available | Util% |
+----------------------------+-------+-------+------------+-----------+-------+
| CLB LUTs                   |  8020 |     0 |          0 |    117120 |  6.85 |
|   LUT as Logic             |  6601 |     0 |          0 |    117120 |  5.64 |
|   LUT as Memory            |  1419 |     0 |          0 |     57600 |  2.46 |
|     LUT as Distributed RAM |   618 |     0 |            |           |       |
|     LUT as Shift Register  |   801 |     0 |            |           |       |
| CLB Registers              | 12497 |     0 |          0 |    234240 |  5.34 |
|   Register as Flip Flop    | 12497 |     0 |          0 |    234240 |  5.34 |
|   Register as Latch        |     0 |     0 |          0 |    234240 |  0.00 |
| CARRY8                     |   109 |     0 |          0 |     14640 |  0.74 |
| F7 Muxes                   |   131 |     0 |          0 |     58560 |  0.22 |
| F8 Muxes                   |    10 |     0 |          0 |     29280 |  0.03 |
| F9 Muxes                   |     0 |     0 |          0 |     14640 |  0.00 |
+----------------------------+-------+-------+------------+-----------+-------+
* Warning! LUT value is adjusted to account for LUT combining.


1.1 Summary of Registers by Type
--------------------------------

+-------+--------------+-------------+--------------+
| Total | Clock Enable | Synchronous | Asynchronous |
+-------+--------------+-------------+--------------+
| 0     |            _ |           - |            - |
| 0     |            _ |           - |          Set |
| 0     |            _ |           - |        Reset |
| 0     |            _ |         Set |            - |
| 0     |            _ |       Reset |            - |
| 0     |          Yes |           - |            - |
| 43    |          Yes |           - |          Set |
| 240   |          Yes |           - |        Reset |
| 288   |          Yes |         Set |            - |
| 11926 |          Yes |       Reset |            - |
+-------+--------------+-------------+--------------+


2. CLB Logic Distribution
-------------------------

+--------------------------------------------+-------+-------+------------+-----------+-------+
|                  Site Type                 |  Used | Fixed | Prohibited | Available | Util% |
+--------------------------------------------+-------+-------+------------+-----------+-------+
| CLB                                        |  1892 |     0 |          0 |     14640 | 12.92 |
|   CLBL                                     |   778 |     0 |            |           |       |
|   CLBM                                     |  1114 |     0 |            |           |       |
| LUT as Logic                               |  6601 |     0 |          0 |    117120 |  5.64 |
|   using O5 output only                     |   338 |       |            |           |       |
|   using O6 output only                     |  4410 |       |            |           |       |
|   using O5 and O6                          |  1853 |       |            |           |       |
| LUT as Memory                              |  1419 |     0 |          0 |     57600 |  2.46 |
|   LUT as Distributed RAM                   |   618 |     0 |            |           |       |
|     using O5 output only                   |     0 |       |            |           |       |
|     using O6 output only                   |     2 |       |            |           |       |
|     using O5 and O6                        |   616 |       |            |           |       |
|   LUT as Shift Register                    |   801 |     0 |            |           |       |
|     using O5 output only                   |     0 |       |            |           |       |
|     using O6 output only                   |   279 |       |            |           |       |
|     using O5 and O6                        |   522 |       |            |           |       |
| CLB Registers                              | 12497 |     0 |          0 |    234240 |  5.34 |
|   Register driven from within the CLB      |  6832 |       |            |           |       |
|   Register driven from outside the CLB     |  5665 |       |            |           |       |
|     LUT in front of the register is unused |  4444 |       |            |           |       |
|     LUT in front of the register is used   |  1221 |       |            |           |       |
| Unique Control Sets                        |   628 |       |          0 |     29280 |  2.14 |
+--------------------------------------------+-------+-------+------------+-----------+-------+
* * Note: Available Control Sets calculated as Slices * 2, Review the Control Sets Report for more information regarding control sets.


3. BLOCKRAM
-----------

+-------------------+------+-------+------------+-----------+-------+
|     Site Type     | Used | Fixed | Prohibited | Available | Util% |
+-------------------+------+-------+------------+-----------+-------+
| Block RAM Tile    |   35 |     0 |          0 |       144 | 24.31 |
|   RAMB36/FIFO*    |   35 |     0 |          0 |       144 | 24.31 |
|     RAMB36E2 only |   35 |       |            |           |       |
|   RAMB18          |    0 |     0 |          0 |       288 |  0.00 |
| URAM              |    0 |     0 |          0 |        64 |  0.00 |
+-------------------+------+-------+------------+-----------+-------+
* Note: Each Block RAM Tile only has one FIFO logic available and therefore can accommodate only one FIFO36E2 or one FIFO18E2. However, if a FIFO18E2 occupies a Block RAM Tile, that tile can still accommodate a RAMB18E2


4. ARITHMETIC
-------------

+-----------+------+-------+------------+-----------+-------+
| Site Type | Used | Fixed | Prohibited | Available | Util% |
+-----------+------+-------+------------+-----------+-------+
| DSPs      |    0 |     0 |          0 |      1248 |  0.00 |
+-----------+------+-------+------------+-----------+-------+


5. I/O
------

+------------------+------+-------+------------+-----------+-------+
|     Site Type    | Used | Fixed | Prohibited | Available | Util% |
+------------------+------+-------+------------+-----------+-------+
| Bonded IOB       |    3 |     3 |          0 |       189 |  1.59 |
| HPIOB_M          |    1 |     1 |          0 |        58 |  1.72 |
|   INPUT          |    0 |       |            |           |       |
|   OUTPUT         |    1 |       |            |           |       |
|   BIDIR          |    0 |       |            |           |       |
| HPIOB_S          |    1 |     1 |          0 |        58 |  1.72 |
|   INPUT          |    0 |       |            |           |       |
|   OUTPUT         |    1 |       |            |           |       |
|   BIDIR          |    0 |       |            |           |       |
| HDIOB_M          |    1 |     1 |          0 |        35 |  2.86 |
|   INPUT          |    0 |       |            |           |       |
|   OUTPUT         |    1 |       |            |           |       |
|   BIDIR          |    0 |       |            |           |       |
| HDIOB_S          |    0 |     0 |          0 |        35 |  0.00 |
| HPIOB_SNGL       |    0 |     0 |          0 |         3 |  0.00 |
| HPIOBDIFFINBUF   |    0 |     0 |          0 |        82 |  0.00 |
| HPIOBDIFFOUTBUF  |    0 |     0 |          0 |        82 |  0.00 |
| HDIOBDIFFINBUF   |    0 |     0 |          0 |        35 |  0.00 |
| BITSLICE_CONTROL |    0 |     0 |          0 |        32 |  0.00 |
| BITSLICE_RX_TX   |    0 |     0 |          0 |      1248 |  0.00 |
| BITSLICE_TX      |    0 |     0 |          0 |        32 |  0.00 |
| RIU_OR           |    0 |     0 |          0 |        16 |  0.00 |
+------------------+------+-------+------------+-----------+-------+


6. CLOCK
--------

+------------+------+-------+------------+-----------+-------+
|  Site Type | Used | Fixed | Prohibited | Available | Util% |
+------------+------+-------+------------+-----------+-------+
| BUFGCE     |    2 |     0 |          0 |       112 |  1.79 |
| BUFGCE_DIV |    0 |     0 |          0 |        16 |  0.00 |
| BUFG_GT    |    0 |     0 |          0 |        96 |  0.00 |
| BUFG_PS    |    1 |     0 |          0 |        96 |  1.04 |
| BUFGCTRL*  |    0 |     0 |          0 |        32 |  0.00 |
| PLL        |    0 |     0 |          0 |         8 |  0.00 |
| MMCM       |    0 |     0 |          0 |         4 |  0.00 |
+------------+------+-------+------------+-----------+-------+
* Note: Each used BUFGCTRL counts as two GLOBAL CLOCK BUFFERs. This table does not include global clocking resources, only buffer cell usage. See the Clock Utilization Report (report_clock_utilization) for detailed accounting of global clocking resource availability.


7. ADVANCED
-----------

+-----------------+------+-------+------------+-----------+--------+
|    Site Type    | Used | Fixed | Prohibited | Available |  Util% |
+-----------------+------+-------+------------+-----------+--------+
| GTHE4_CHANNEL   |    0 |     0 |          0 |         4 |   0.00 |
| GTHE4_COMMON    |    0 |     0 |          0 |         1 |   0.00 |
| OBUFDS_GTE4     |    0 |     0 |          0 |         2 |   0.00 |
| OBUFDS_GTE4_ADV |    0 |     0 |          0 |         2 |   0.00 |
| PCIE40E4        |    0 |     0 |          0 |         2 |   0.00 |
| PS8             |    1 |     0 |          0 |         1 | 100.00 |
| SYSMONE4        |    0 |     0 |          0 |         1 |   0.00 |
| VCU             |    0 |     0 |          0 |         1 |   0.00 |
+-----------------+------+-------+------------+-----------+--------+


8. CONFIGURATION
----------------

+-------------+------+-------+------------+-----------+-------+
|  Site Type  | Used | Fixed | Prohibited | Available | Util% |
+-------------+------+-------+------------+-----------+-------+
| BSCANE2     |    0 |     0 |          0 |         4 |  0.00 |
| DNA_PORTE2  |    0 |     0 |          0 |         1 |  0.00 |
| EFUSE_USR   |    0 |     0 |          0 |         1 |  0.00 |
| FRAME_ECCE4 |    0 |     0 |          0 |         1 |  0.00 |
| ICAPE3      |    0 |     0 |          0 |         2 |  0.00 |
| MASTER_JTAG |    0 |     0 |          0 |         1 |  0.00 |
| STARTUPE3   |    0 |     0 |          0 |         1 |  0.00 |
+-------------+------+-------+------------+-----------+-------+


9. Primitives
-------------

+----------+-------+---------------------+
| Ref Name |  Used | Functional Category |
+----------+-------+---------------------+
| FDRE     | 11926 |            Register |
| LUT6     |  2838 |                 CLB |
| LUT3     |  1999 |                 CLB |
| LUT4     |  1429 |                 CLB |
| RAMD32   |  1080 |                 CLB |
| LUT5     |  1047 |                 CLB |
| LUT2     |   906 |                 CLB |
| SRL16E   |   855 |                 CLB |
| SRLC32E  |   466 |                 CLB |
| FDSE     |   288 |            Register |
| FDCE     |   240 |            Register |
| LUT1     |   235 |                 CLB |
| RAMS32   |   154 |                 CLB |
| MUXF7    |   131 |                 CLB |
| CARRY8   |   109 |                 CLB |
| FDPE     |    43 |            Register |
| RAMB36E2 |    35 |            BLOCKRAM |
| MUXF8    |    10 |                 CLB |
| OBUF     |     3 |                 I/O |
| SRLC16E  |     2 |                 CLB |
| BUFGCE   |     2 |               Clock |
| PS8      |     1 |            Advanced |
| BUFG_PS  |     1 |               Clock |
+----------+-------+---------------------+


10. Black Boxes
---------------

+----------+------+
| Ref Name | Used |
+----------+------+


11. Instantiated Netlists
-------------------------

+-------------------------------+------+
|            Ref Name           | Used |
+-------------------------------+------+
| dbg_hub                       |    1 |
| bd_8f93_bsip_0                |    1 |
| bd_8f93_axi_jtag_0            |    1 |
| DMA_ADDER_zynq_ultra_ps_e_0_0 |    1 |
| DMA_ADDER_xbar_0              |    1 |
| DMA_ADDER_system_ila_0_0      |    1 |
| DMA_ADDER_smartconnect_0_0    |    1 |
| DMA_ADDER_proc_sys_reset_0_0  |    1 |
| DMA_ADDER_debug_bridge_0_0    |    1 |
| DMA_ADDER_axi_dma_0_0         |    1 |
| DMA_ADDER_auto_pc_1           |    1 |
| DMA_ADDER_auto_pc_0           |    1 |
| DMA_ADDER_ADDER_0_0           |    1 |
+-------------------------------+------+


